{"name":"hexo","hostname":"RainbowdeMacBook-Pro.local","pid":11734,"level":20,"msg":"Hexo version: \u001b[35m3.2.2\u001b[39m","time":"2016-08-19T08:59:50.971Z","v":0}
{"name":"hexo","hostname":"RainbowdeMacBook-Pro.local","pid":11734,"level":20,"msg":"Working directory: \u001b[35m~/Documents/web/rainy-rainy.github.io/\u001b[39m","time":"2016-08-19T08:59:50.973Z","v":0}
{"name":"hexo","hostname":"RainbowdeMacBook-Pro.local","pid":11734,"level":20,"msg":"Config loaded: \u001b[35m~/Documents/web/rainy-rainy.github.io/_config.yml\u001b[39m","time":"2016-08-19T08:59:51.093Z","v":0}
{"name":"hexo","hostname":"RainbowdeMacBook-Pro.local","pid":11734,"level":20,"msg":"Plugin loaded: \u001b[35mhexo-generator-category\u001b[39m","time":"2016-08-19T08:59:51.111Z","v":0}
{"name":"hexo","hostname":"RainbowdeMacBook-Pro.local","pid":11734,"level":20,"msg":"Plugin loaded: \u001b[35mhexo-generator-archive\u001b[39m","time":"2016-08-19T08:59:51.116Z","v":0}
{"name":"hexo","hostname":"RainbowdeMacBook-Pro.local","pid":11734,"level":20,"msg":"Plugin loaded: \u001b[35mhexo-generator-index\u001b[39m","time":"2016-08-19T08:59:51.121Z","v":0}
{"name":"hexo","hostname":"RainbowdeMacBook-Pro.local","pid":11734,"level":20,"msg":"Plugin loaded: \u001b[35mhexo-deployer-git\u001b[39m","time":"2016-08-19T08:59:51.401Z","v":0}
{"name":"hexo","hostname":"RainbowdeMacBook-Pro.local","pid":11734,"level":20,"msg":"Plugin loaded: \u001b[35mhexo-renderer-stylus\u001b[39m","time":"2016-08-19T08:59:51.402Z","v":0}
{"name":"hexo","hostname":"RainbowdeMacBook-Pro.local","pid":11734,"level":20,"msg":"Plugin loaded: \u001b[35mhexo-renderer-ejs\u001b[39m","time":"2016-08-19T08:59:51.407Z","v":0}
{"name":"hexo","hostname":"RainbowdeMacBook-Pro.local","pid":11734,"level":20,"msg":"Plugin loaded: \u001b[35mhexo-generator-tag\u001b[39m","time":"2016-08-19T08:59:51.412Z","v":0}
{"name":"hexo","hostname":"RainbowdeMacBook-Pro.local","pid":11734,"level":20,"msg":"Plugin loaded: \u001b[35mhexo-renderer-marked\u001b[39m","time":"2016-08-19T08:59:51.511Z","v":0}
{"name":"hexo","hostname":"RainbowdeMacBook-Pro.local","pid":11734,"level":20,"msg":"Script loaded: \u001b[35mthemes/next/scripts/merge-configs.js\u001b[39m","time":"2016-08-19T08:59:51.512Z","v":0}
{"name":"hexo","hostname":"RainbowdeMacBook-Pro.local","pid":11734,"level":20,"msg":"Script loaded: \u001b[35mthemes/next/scripts/tags/center-quote.js\u001b[39m","time":"2016-08-19T08:59:51.513Z","v":0}
{"name":"hexo","hostname":"RainbowdeMacBook-Pro.local","pid":11734,"level":20,"msg":"Script loaded: \u001b[35mthemes/next/scripts/tags/full-image.js\u001b[39m","time":"2016-08-19T08:59:51.514Z","v":0}
{"name":"hexo","hostname":"RainbowdeMacBook-Pro.local","pid":11734,"level":20,"msg":"Script loaded: \u001b[35mthemes/next/scripts/tags/group-pictures.js\u001b[39m","time":"2016-08-19T08:59:51.515Z","v":0}
{"name":"hexo","hostname":"RainbowdeMacBook-Pro.local","pid":11734,"level":20,"msg":"Plugin loaded: \u001b[35mhexo-server\u001b[39m","time":"2016-08-19T08:59:51.666Z","v":0}
{"name":"hexo","hostname":"RainbowdeMacBook-Pro.local","pid":11734,"level":20,"msg":"Loading database.","time":"2016-08-19T08:59:51.677Z","v":0}
{"name":"hexo","hostname":"RainbowdeMacBook-Pro.local","pid":11734,"level":30,"msg":"Start processing","time":"2016-08-19T08:59:51.684Z","v":0}
{"name":"hexo","hostname":"RainbowdeMacBook-Pro.local","pid":11734,"level":20,"msg":"Theme config loaded.","time":"2016-08-19T08:59:51.796Z","v":0}
{"name":"hexo","hostname":"RainbowdeMacBook-Pro.local","pid":11734,"level":20,"msg":"Processed: \u001b[35m_config.yml\u001b[39m","time":"2016-08-19T08:59:51.796Z","v":0}
{"name":"hexo","hostname":"RainbowdeMacBook-Pro.local","pid":11734,"level":20,"msg":"Processed: \u001b[35msource/css/main.styl\u001b[39m","time":"2016-08-19T08:59:51.805Z","v":0}
{"name":"hexo","hostname":"RainbowdeMacBook-Pro.local","pid":11734,"level":20,"msg":"Processed: \u001b[35msource/images/avatar.gif\u001b[39m","time":"2016-08-19T08:59:51.806Z","v":0}
{"name":"hexo","hostname":"RainbowdeMacBook-Pro.local","pid":11734,"level":20,"msg":"Processed: \u001b[35msource/images/cc-by-nc-nd.svg\u001b[39m","time":"2016-08-19T08:59:51.806Z","v":0}
{"name":"hexo","hostname":"RainbowdeMacBook-Pro.local","pid":11734,"level":20,"msg":"Processed: \u001b[35msource/images/cc-by-nc-sa.svg\u001b[39m","time":"2016-08-19T08:59:51.807Z","v":0}
{"name":"hexo","hostname":"RainbowdeMacBook-Pro.local","pid":11734,"level":20,"msg":"Processed: \u001b[35msource/images/cc-by-nc.svg\u001b[39m","time":"2016-08-19T08:59:51.807Z","v":0}
{"name":"hexo","hostname":"RainbowdeMacBook-Pro.local","pid":11734,"level":20,"msg":"Processed: \u001b[35msource/images/cc-by-nd.svg\u001b[39m","time":"2016-08-19T08:59:51.808Z","v":0}
{"name":"hexo","hostname":"RainbowdeMacBook-Pro.local","pid":11734,"level":20,"msg":"Processed: \u001b[35msource/images/cc-by-sa.svg\u001b[39m","time":"2016-08-19T08:59:51.809Z","v":0}
{"name":"hexo","hostname":"RainbowdeMacBook-Pro.local","pid":11734,"level":20,"msg":"Processed: \u001b[35msource/images/cc-by.svg\u001b[39m","time":"2016-08-19T08:59:51.809Z","v":0}
{"name":"hexo","hostname":"RainbowdeMacBook-Pro.local","pid":11734,"level":20,"msg":"Processed: \u001b[35msource/images/cc-zero.svg\u001b[39m","time":"2016-08-19T08:59:51.810Z","v":0}
{"name":"hexo","hostname":"RainbowdeMacBook-Pro.local","pid":11734,"level":20,"msg":"Processed: \u001b[35msource/images/loading.gif\u001b[39m","time":"2016-08-19T08:59:51.810Z","v":0}
{"name":"hexo","hostname":"RainbowdeMacBook-Pro.local","pid":11734,"level":20,"msg":"Processed: \u001b[35msource/images/placeholder.gif\u001b[39m","time":"2016-08-19T08:59:51.811Z","v":0}
{"name":"hexo","hostname":"RainbowdeMacBook-Pro.local","pid":11734,"level":20,"msg":"Processed: \u001b[35msource/images/quote-l.svg\u001b[39m","time":"2016-08-19T08:59:51.811Z","v":0}
{"name":"hexo","hostname":"RainbowdeMacBook-Pro.local","pid":11734,"level":20,"msg":"Processed: \u001b[35msource/images/quote-r.svg\u001b[39m","time":"2016-08-19T08:59:51.811Z","v":0}
{"name":"hexo","hostname":"RainbowdeMacBook-Pro.local","pid":11734,"level":20,"msg":"Processed: \u001b[35msource/images/searchicon.png\u001b[39m","time":"2016-08-19T08:59:51.811Z","v":0}
{"name":"hexo","hostname":"RainbowdeMacBook-Pro.local","pid":11734,"level":20,"msg":"Processed: \u001b[35m_posts/hello-world.md\u001b[39m","time":"2016-08-19T08:59:51.830Z","v":0}
{"name":"hexo","hostname":"RainbowdeMacBook-Pro.local","pid":11734,"level":20,"msg":"Processed: \u001b[35mlayout/_layout.swig\u001b[39m","time":"2016-08-19T08:59:51.980Z","v":0}
{"name":"hexo","hostname":"RainbowdeMacBook-Pro.local","pid":11734,"level":20,"msg":"Processed: \u001b[35mlayout/archive.swig\u001b[39m","time":"2016-08-19T08:59:51.980Z","v":0}
{"name":"hexo","hostname":"RainbowdeMacBook-Pro.local","pid":11734,"level":20,"msg":"Processed: \u001b[35mlayout/index.swig\u001b[39m","time":"2016-08-19T08:59:51.980Z","v":0}
{"name":"hexo","hostname":"RainbowdeMacBook-Pro.local","pid":11734,"level":20,"msg":"Processed: \u001b[35mlayout/page.swig\u001b[39m","time":"2016-08-19T08:59:51.981Z","v":0}
{"name":"hexo","hostname":"RainbowdeMacBook-Pro.local","pid":11734,"level":20,"msg":"Processed: \u001b[35mlayout/category.swig\u001b[39m","time":"2016-08-19T08:59:51.981Z","v":0}
{"name":"hexo","hostname":"RainbowdeMacBook-Pro.local","pid":11734,"level":20,"msg":"Processed: \u001b[35mlayout/post.swig\u001b[39m","time":"2016-08-19T08:59:51.981Z","v":0}
{"name":"hexo","hostname":"RainbowdeMacBook-Pro.local","pid":11734,"level":20,"msg":"Processed: \u001b[35mlayout/tag.swig\u001b[39m","time":"2016-08-19T08:59:51.981Z","v":0}
{"name":"hexo","hostname":"RainbowdeMacBook-Pro.local","pid":11734,"level":20,"msg":"Processed: \u001b[35mlanguages/default.yml\u001b[39m","time":"2016-08-19T08:59:51.983Z","v":0}
{"name":"hexo","hostname":"RainbowdeMacBook-Pro.local","pid":11734,"level":20,"msg":"Processed: \u001b[35mlanguages/de.yml\u001b[39m","time":"2016-08-19T08:59:51.983Z","v":0}
{"name":"hexo","hostname":"RainbowdeMacBook-Pro.local","pid":11734,"level":20,"msg":"Processed: \u001b[35mlanguages/en.yml\u001b[39m","time":"2016-08-19T08:59:51.983Z","v":0}
{"name":"hexo","hostname":"RainbowdeMacBook-Pro.local","pid":11734,"level":20,"msg":"Processed: \u001b[35mlanguages/fr-FR.yml\u001b[39m","time":"2016-08-19T08:59:51.983Z","v":0}
{"name":"hexo","hostname":"RainbowdeMacBook-Pro.local","pid":11734,"level":20,"msg":"Processed: \u001b[35mlanguages/id.yml\u001b[39m","time":"2016-08-19T08:59:51.984Z","v":0}
{"name":"hexo","hostname":"RainbowdeMacBook-Pro.local","pid":11734,"level":20,"msg":"Processed: \u001b[35mlanguages/ko.yml\u001b[39m","time":"2016-08-19T08:59:51.984Z","v":0}
{"name":"hexo","hostname":"RainbowdeMacBook-Pro.local","pid":11734,"level":20,"msg":"Processed: \u001b[35mlanguages/ja.yml\u001b[39m","time":"2016-08-19T08:59:51.984Z","v":0}
{"name":"hexo","hostname":"RainbowdeMacBook-Pro.local","pid":11734,"level":20,"msg":"Processed: \u001b[35mlanguages/pt-BR.yml\u001b[39m","time":"2016-08-19T08:59:51.984Z","v":0}
{"name":"hexo","hostname":"RainbowdeMacBook-Pro.local","pid":11734,"level":20,"msg":"Processed: \u001b[35mlanguages/pt.yml\u001b[39m","time":"2016-08-19T08:59:51.984Z","v":0}
{"name":"hexo","hostname":"RainbowdeMacBook-Pro.local","pid":11734,"level":20,"msg":"Processed: \u001b[35mlanguages/ru.yml\u001b[39m","time":"2016-08-19T08:59:51.984Z","v":0}
{"name":"hexo","hostname":"RainbowdeMacBook-Pro.local","pid":11734,"level":20,"msg":"Processed: \u001b[35mlanguages/zh-Hans.yml\u001b[39m","time":"2016-08-19T08:59:51.985Z","v":0}
{"name":"hexo","hostname":"RainbowdeMacBook-Pro.local","pid":11734,"level":20,"msg":"Processed: \u001b[35mlanguages/zh-hk.yml\u001b[39m","time":"2016-08-19T08:59:51.985Z","v":0}
{"name":"hexo","hostname":"RainbowdeMacBook-Pro.local","pid":11734,"level":20,"msg":"Processed: \u001b[35mlanguages/zh-tw.yml\u001b[39m","time":"2016-08-19T08:59:51.985Z","v":0}
{"name":"hexo","hostname":"RainbowdeMacBook-Pro.local","pid":11734,"level":20,"msg":"Processed: \u001b[35msource/js/src/affix.js\u001b[39m","time":"2016-08-19T08:59:51.992Z","v":0}
{"name":"hexo","hostname":"RainbowdeMacBook-Pro.local","pid":11734,"level":20,"msg":"Processed: \u001b[35msource/js/src/bootstrap.js\u001b[39m","time":"2016-08-19T08:59:51.993Z","v":0}
{"name":"hexo","hostname":"RainbowdeMacBook-Pro.local","pid":11734,"level":20,"msg":"Processed: \u001b[35msource/js/src/hook-duoshuo.js\u001b[39m","time":"2016-08-19T08:59:51.993Z","v":0}
{"name":"hexo","hostname":"RainbowdeMacBook-Pro.local","pid":11734,"level":20,"msg":"Processed: \u001b[35msource/js/src/motion.js\u001b[39m","time":"2016-08-19T08:59:51.994Z","v":0}
{"name":"hexo","hostname":"RainbowdeMacBook-Pro.local","pid":11734,"level":20,"msg":"Processed: \u001b[35msource/js/src/post-details.js\u001b[39m","time":"2016-08-19T08:59:51.995Z","v":0}
{"name":"hexo","hostname":"RainbowdeMacBook-Pro.local","pid":11734,"level":20,"msg":"Processed: \u001b[35msource/js/src/scrollspy.js\u001b[39m","time":"2016-08-19T08:59:51.995Z","v":0}
{"name":"hexo","hostname":"RainbowdeMacBook-Pro.local","pid":11734,"level":20,"msg":"Processed: \u001b[35msource/js/src/utils.js\u001b[39m","time":"2016-08-19T08:59:51.996Z","v":0}
{"name":"hexo","hostname":"RainbowdeMacBook-Pro.local","pid":11734,"level":20,"msg":"Processed: \u001b[35msource/vendors/fastclick/LICENSE\u001b[39m","time":"2016-08-19T08:59:51.998Z","v":0}
{"name":"hexo","hostname":"RainbowdeMacBook-Pro.local","pid":11734,"level":20,"msg":"Processed: \u001b[35msource/vendors/fastclick/README.md\u001b[39m","time":"2016-08-19T08:59:51.999Z","v":0}
{"name":"hexo","hostname":"RainbowdeMacBook-Pro.local","pid":11734,"level":20,"msg":"Processed: \u001b[35msource/vendors/fastclick/bower.json\u001b[39m","time":"2016-08-19T08:59:51.999Z","v":0}
{"name":"hexo","hostname":"RainbowdeMacBook-Pro.local","pid":11734,"level":20,"msg":"Processed: \u001b[35msource/vendors/font-awesome/HELP-US-OUT.txt\u001b[39m","time":"2016-08-19T08:59:52.000Z","v":0}
{"name":"hexo","hostname":"RainbowdeMacBook-Pro.local","pid":11734,"level":20,"msg":"Processed: \u001b[35msource/vendors/font-awesome/bower.json\u001b[39m","time":"2016-08-19T08:59:52.001Z","v":0}
{"name":"hexo","hostname":"RainbowdeMacBook-Pro.local","pid":11734,"level":20,"msg":"Processed: \u001b[35msource/vendors/jquery_lazyload/CONTRIBUTING.md\u001b[39m","time":"2016-08-19T08:59:52.002Z","v":0}
{"name":"hexo","hostname":"RainbowdeMacBook-Pro.local","pid":11734,"level":20,"msg":"Processed: \u001b[35msource/vendors/jquery_lazyload/README.md\u001b[39m","time":"2016-08-19T08:59:52.002Z","v":0}
{"name":"hexo","hostname":"RainbowdeMacBook-Pro.local","pid":11734,"level":20,"msg":"Processed: \u001b[35msource/vendors/jquery_lazyload/bower.json\u001b[39m","time":"2016-08-19T08:59:52.003Z","v":0}
{"name":"hexo","hostname":"RainbowdeMacBook-Pro.local","pid":11734,"level":20,"msg":"Processed: \u001b[35msource/vendors/jquery_lazyload/jquery.lazyload.js\u001b[39m","time":"2016-08-19T08:59:52.003Z","v":0}
{"name":"hexo","hostname":"RainbowdeMacBook-Pro.local","pid":11734,"level":20,"msg":"Processed: \u001b[35msource/vendors/jquery_lazyload/jquery.scrollstop.js\u001b[39m","time":"2016-08-19T08:59:52.004Z","v":0}
{"name":"hexo","hostname":"RainbowdeMacBook-Pro.local","pid":11734,"level":20,"msg":"Processed: \u001b[35msource/vendors/velocity/bower.json\u001b[39m","time":"2016-08-19T08:59:52.004Z","v":0}
{"name":"hexo","hostname":"RainbowdeMacBook-Pro.local","pid":11734,"level":20,"msg":"Processed: \u001b[35msource/vendors/velocity/velocity.min.js\u001b[39m","time":"2016-08-19T08:59:52.005Z","v":0}
{"name":"hexo","hostname":"RainbowdeMacBook-Pro.local","pid":11734,"level":20,"msg":"Processed: \u001b[35msource/vendors/velocity/velocity.ui.min.js\u001b[39m","time":"2016-08-19T08:59:52.005Z","v":0}
{"name":"hexo","hostname":"RainbowdeMacBook-Pro.local","pid":11734,"level":20,"msg":"Processed: \u001b[35msource/vendors/velocity/velocity.ui.js\u001b[39m","time":"2016-08-19T08:59:52.005Z","v":0}
{"name":"hexo","hostname":"RainbowdeMacBook-Pro.local","pid":11734,"level":20,"msg":"Processed: \u001b[35msource/vendors/jquery/index.js\u001b[39m","time":"2016-08-19T08:59:52.017Z","v":0}
{"name":"hexo","hostname":"RainbowdeMacBook-Pro.local","pid":11734,"level":20,"msg":"Processed: \u001b[35mlayout/_macro/post-collapse.swig\u001b[39m","time":"2016-08-19T08:59:52.060Z","v":0}
{"name":"hexo","hostname":"RainbowdeMacBook-Pro.local","pid":11734,"level":20,"msg":"Processed: \u001b[35mlayout/_macro/post.swig\u001b[39m","time":"2016-08-19T08:59:52.060Z","v":0}
{"name":"hexo","hostname":"RainbowdeMacBook-Pro.local","pid":11734,"level":20,"msg":"Processed: \u001b[35mlayout/_macro/reward.swig\u001b[39m","time":"2016-08-19T08:59:52.060Z","v":0}
{"name":"hexo","hostname":"RainbowdeMacBook-Pro.local","pid":11734,"level":20,"msg":"Processed: \u001b[35mlayout/_macro/sidebar.swig\u001b[39m","time":"2016-08-19T08:59:52.060Z","v":0}
{"name":"hexo","hostname":"RainbowdeMacBook-Pro.local","pid":11734,"level":20,"msg":"Processed: \u001b[35mlayout/_macro/wechat-subscriber.swig\u001b[39m","time":"2016-08-19T08:59:52.060Z","v":0}
{"name":"hexo","hostname":"RainbowdeMacBook-Pro.local","pid":11734,"level":20,"msg":"Processed: \u001b[35mlayout/_partials/comments.swig\u001b[39m","time":"2016-08-19T08:59:52.060Z","v":0}
{"name":"hexo","hostname":"RainbowdeMacBook-Pro.local","pid":11734,"level":20,"msg":"Processed: \u001b[35mlayout/_partials/head.swig\u001b[39m","time":"2016-08-19T08:59:52.061Z","v":0}
{"name":"hexo","hostname":"RainbowdeMacBook-Pro.local","pid":11734,"level":20,"msg":"Processed: \u001b[35mlayout/_partials/footer.swig\u001b[39m","time":"2016-08-19T08:59:52.061Z","v":0}
{"name":"hexo","hostname":"RainbowdeMacBook-Pro.local","pid":11734,"level":20,"msg":"Processed: \u001b[35mlayout/_partials/duoshuo-hot-articles.swig\u001b[39m","time":"2016-08-19T08:59:52.061Z","v":0}
{"name":"hexo","hostname":"RainbowdeMacBook-Pro.local","pid":11734,"level":20,"msg":"Processed: \u001b[35mlayout/_partials/header.swig\u001b[39m","time":"2016-08-19T08:59:52.061Z","v":0}
{"name":"hexo","hostname":"RainbowdeMacBook-Pro.local","pid":11734,"level":20,"msg":"Processed: \u001b[35mlayout/_partials/pagination.swig\u001b[39m","time":"2016-08-19T08:59:52.061Z","v":0}
{"name":"hexo","hostname":"RainbowdeMacBook-Pro.local","pid":11734,"level":20,"msg":"Processed: \u001b[35mlayout/_partials/search.swig\u001b[39m","time":"2016-08-19T08:59:52.061Z","v":0}
{"name":"hexo","hostname":"RainbowdeMacBook-Pro.local","pid":11734,"level":20,"msg":"Processed: \u001b[35mlayout/_scripts/baidu-push.swig\u001b[39m","time":"2016-08-19T08:59:52.061Z","v":0}
{"name":"hexo","hostname":"RainbowdeMacBook-Pro.local","pid":11734,"level":20,"msg":"Processed: \u001b[35mlayout/_scripts/commons.swig\u001b[39m","time":"2016-08-19T08:59:52.061Z","v":0}
{"name":"hexo","hostname":"RainbowdeMacBook-Pro.local","pid":11734,"level":20,"msg":"Processed: \u001b[35mlayout/_scripts/boostrap.swig\u001b[39m","time":"2016-08-19T08:59:52.061Z","v":0}
{"name":"hexo","hostname":"RainbowdeMacBook-Pro.local","pid":11734,"level":20,"msg":"Processed: \u001b[35mlayout/_scripts/vendors.swig\u001b[39m","time":"2016-08-19T08:59:52.061Z","v":0}
{"name":"hexo","hostname":"RainbowdeMacBook-Pro.local","pid":11734,"level":20,"msg":"Processed: \u001b[35msource/js/src/schemes/pisces.js\u001b[39m","time":"2016-08-19T08:59:52.064Z","v":0}
{"name":"hexo","hostname":"RainbowdeMacBook-Pro.local","pid":11734,"level":20,"msg":"Processed: \u001b[35msource/vendors/fancybox/source/blank.gif\u001b[39m","time":"2016-08-19T08:59:52.065Z","v":0}
{"name":"hexo","hostname":"RainbowdeMacBook-Pro.local","pid":11734,"level":20,"msg":"Processed: \u001b[35msource/vendors/fancybox/source/fancybox_loading.gif\u001b[39m","time":"2016-08-19T08:59:52.065Z","v":0}
{"name":"hexo","hostname":"RainbowdeMacBook-Pro.local","pid":11734,"level":20,"msg":"Processed: \u001b[35msource/vendors/fancybox/source/fancybox_loading@2x.gif\u001b[39m","time":"2016-08-19T08:59:52.065Z","v":0}
{"name":"hexo","hostname":"RainbowdeMacBook-Pro.local","pid":11734,"level":20,"msg":"Processed: \u001b[35msource/vendors/fancybox/source/fancybox_overlay.png\u001b[39m","time":"2016-08-19T08:59:52.066Z","v":0}
{"name":"hexo","hostname":"RainbowdeMacBook-Pro.local","pid":11734,"level":20,"msg":"Processed: \u001b[35msource/vendors/fancybox/source/fancybox_sprite.png\u001b[39m","time":"2016-08-19T08:59:52.066Z","v":0}
{"name":"hexo","hostname":"RainbowdeMacBook-Pro.local","pid":11734,"level":20,"msg":"Processed: \u001b[35msource/vendors/fancybox/source/fancybox_sprite@2x.png\u001b[39m","time":"2016-08-19T08:59:52.067Z","v":0}
{"name":"hexo","hostname":"RainbowdeMacBook-Pro.local","pid":11734,"level":20,"msg":"Processed: \u001b[35msource/vendors/fancybox/source/jquery.fancybox.css\u001b[39m","time":"2016-08-19T08:59:52.067Z","v":0}
{"name":"hexo","hostname":"RainbowdeMacBook-Pro.local","pid":11734,"level":20,"msg":"Processed: \u001b[35msource/vendors/fancybox/source/jquery.fancybox.pack.js\u001b[39m","time":"2016-08-19T08:59:52.067Z","v":0}
{"name":"hexo","hostname":"RainbowdeMacBook-Pro.local","pid":11734,"level":20,"msg":"Processed: \u001b[35msource/vendors/fancybox/source/jquery.fancybox.js\u001b[39m","time":"2016-08-19T08:59:52.068Z","v":0}
{"name":"hexo","hostname":"RainbowdeMacBook-Pro.local","pid":11734,"level":20,"msg":"Processed: \u001b[35msource/vendors/fastclick/lib/fastclick.js\u001b[39m","time":"2016-08-19T08:59:52.069Z","v":0}
{"name":"hexo","hostname":"RainbowdeMacBook-Pro.local","pid":11734,"level":20,"msg":"Processed: \u001b[35msource/vendors/fastclick/lib/fastclick.min.js\u001b[39m","time":"2016-08-19T08:59:52.069Z","v":0}
{"name":"hexo","hostname":"RainbowdeMacBook-Pro.local","pid":11734,"level":20,"msg":"Processed: \u001b[35msource/vendors/font-awesome/css/font-awesome.css\u001b[39m","time":"2016-08-19T08:59:52.069Z","v":0}
{"name":"hexo","hostname":"RainbowdeMacBook-Pro.local","pid":11734,"level":20,"msg":"Processed: \u001b[35msource/vendors/font-awesome/css/font-awesome.css.map\u001b[39m","time":"2016-08-19T08:59:52.070Z","v":0}
{"name":"hexo","hostname":"RainbowdeMacBook-Pro.local","pid":11734,"level":20,"msg":"Processed: \u001b[35msource/vendors/font-awesome/css/font-awesome.min.css\u001b[39m","time":"2016-08-19T08:59:52.070Z","v":0}
{"name":"hexo","hostname":"RainbowdeMacBook-Pro.local","pid":11734,"level":20,"msg":"Processed: \u001b[35msource/vendors/font-awesome/fonts/fontawesome-webfont.woff2\u001b[39m","time":"2016-08-19T08:59:52.070Z","v":0}
{"name":"hexo","hostname":"RainbowdeMacBook-Pro.local","pid":11734,"level":20,"msg":"Processed: \u001b[35msource/vendors/ua-parser-js/dist/ua-parser.min.js\u001b[39m","time":"2016-08-19T08:59:52.070Z","v":0}
{"name":"hexo","hostname":"RainbowdeMacBook-Pro.local","pid":11734,"level":20,"msg":"Processed: \u001b[35msource/vendors/ua-parser-js/dist/ua-parser.pack.js\u001b[39m","time":"2016-08-19T08:59:52.071Z","v":0}
{"name":"hexo","hostname":"RainbowdeMacBook-Pro.local","pid":11734,"level":20,"msg":"Processed: \u001b[35mlayout/_scripts/schemes/mist.swig\u001b[39m","time":"2016-08-19T08:59:52.075Z","v":0}
{"name":"hexo","hostname":"RainbowdeMacBook-Pro.local","pid":11734,"level":20,"msg":"Processed: \u001b[35mlayout/_scripts/schemes/muse.swig\u001b[39m","time":"2016-08-19T08:59:52.075Z","v":0}
{"name":"hexo","hostname":"RainbowdeMacBook-Pro.local","pid":11734,"level":20,"msg":"Processed: \u001b[35msource/vendors/font-awesome/fonts/FontAwesome.otf\u001b[39m","time":"2016-08-19T08:59:52.076Z","v":0}
{"name":"hexo","hostname":"RainbowdeMacBook-Pro.local","pid":11734,"level":20,"msg":"Processed: \u001b[35msource/vendors/font-awesome/fonts/fontawesome-webfont.eot\u001b[39m","time":"2016-08-19T08:59:52.076Z","v":0}
{"name":"hexo","hostname":"RainbowdeMacBook-Pro.local","pid":11734,"level":20,"msg":"Processed: \u001b[35msource/vendors/font-awesome/fonts/fontawesome-webfont.woff\u001b[39m","time":"2016-08-19T08:59:52.076Z","v":0}
{"name":"hexo","hostname":"RainbowdeMacBook-Pro.local","pid":11734,"level":20,"msg":"Processed: \u001b[35msource/vendors/velocity/velocity.js\u001b[39m","time":"2016-08-19T08:59:52.076Z","v":0}
{"name":"hexo","hostname":"RainbowdeMacBook-Pro.local","pid":11734,"level":20,"msg":"Processed: \u001b[35mlayout/_partials/head/external-fonts.swig\u001b[39m","time":"2016-08-19T08:59:52.090Z","v":0}
{"name":"hexo","hostname":"RainbowdeMacBook-Pro.local","pid":11734,"level":20,"msg":"Processed: \u001b[35mlayout/_partials/search/localsearch.swig\u001b[39m","time":"2016-08-19T08:59:52.090Z","v":0}
{"name":"hexo","hostname":"RainbowdeMacBook-Pro.local","pid":11734,"level":20,"msg":"Processed: \u001b[35mlayout/_partials/search/swiftype.swig\u001b[39m","time":"2016-08-19T08:59:52.091Z","v":0}
{"name":"hexo","hostname":"RainbowdeMacBook-Pro.local","pid":11734,"level":20,"msg":"Processed: \u001b[35mlayout/_partials/search/tinysou.swig\u001b[39m","time":"2016-08-19T08:59:52.091Z","v":0}
{"name":"hexo","hostname":"RainbowdeMacBook-Pro.local","pid":11734,"level":20,"msg":"Processed: \u001b[35mlayout/_partials/share/add-this.swig\u001b[39m","time":"2016-08-19T08:59:52.091Z","v":0}
{"name":"hexo","hostname":"RainbowdeMacBook-Pro.local","pid":11734,"level":20,"msg":"Processed: \u001b[35mlayout/_partials/share/baidushare.swig\u001b[39m","time":"2016-08-19T08:59:52.091Z","v":0}
{"name":"hexo","hostname":"RainbowdeMacBook-Pro.local","pid":11734,"level":20,"msg":"Processed: \u001b[35mlayout/_partials/share/duoshuo_share.swig\u001b[39m","time":"2016-08-19T08:59:52.091Z","v":0}
{"name":"hexo","hostname":"RainbowdeMacBook-Pro.local","pid":11734,"level":20,"msg":"Processed: \u001b[35mlayout/_partials/share/jiathis.swig\u001b[39m","time":"2016-08-19T08:59:52.091Z","v":0}
{"name":"hexo","hostname":"RainbowdeMacBook-Pro.local","pid":11734,"level":20,"msg":"Processed: \u001b[35mlayout/_scripts/pages/post-details.swig\u001b[39m","time":"2016-08-19T08:59:52.091Z","v":0}
{"name":"hexo","hostname":"RainbowdeMacBook-Pro.local","pid":11734,"level":20,"msg":"Processed: \u001b[35mlayout/_scripts/schemes/pisces.swig\u001b[39m","time":"2016-08-19T08:59:52.091Z","v":0}
{"name":"hexo","hostname":"RainbowdeMacBook-Pro.local","pid":11734,"level":20,"msg":"Processed: \u001b[35mlayout/_scripts/third-party/analytics.swig\u001b[39m","time":"2016-08-19T08:59:52.091Z","v":0}
{"name":"hexo","hostname":"RainbowdeMacBook-Pro.local","pid":11734,"level":20,"msg":"Processed: \u001b[35mlayout/_scripts/third-party/comments.swig\u001b[39m","time":"2016-08-19T08:59:52.091Z","v":0}
{"name":"hexo","hostname":"RainbowdeMacBook-Pro.local","pid":11734,"level":20,"msg":"Processed: \u001b[35mlayout/_scripts/third-party/lean-analytics.swig\u001b[39m","time":"2016-08-19T08:59:52.092Z","v":0}
{"name":"hexo","hostname":"RainbowdeMacBook-Pro.local","pid":11734,"level":20,"msg":"Processed: \u001b[35mlayout/_scripts/third-party/localsearch.swig\u001b[39m","time":"2016-08-19T08:59:52.092Z","v":0}
{"name":"hexo","hostname":"RainbowdeMacBook-Pro.local","pid":11734,"level":20,"msg":"Processed: \u001b[35mlayout/_scripts/third-party/tinysou.swig\u001b[39m","time":"2016-08-19T08:59:52.092Z","v":0}
{"name":"hexo","hostname":"RainbowdeMacBook-Pro.local","pid":11734,"level":20,"msg":"Processed: \u001b[35mlayout/_scripts/third-party/mathjax.swig\u001b[39m","time":"2016-08-19T08:59:52.092Z","v":0}
{"name":"hexo","hostname":"RainbowdeMacBook-Pro.local","pid":11734,"level":20,"msg":"Processed: \u001b[35msource/vendors/fancybox/source/helpers/jquery.fancybox-buttons.css\u001b[39m","time":"2016-08-19T08:59:52.096Z","v":0}
{"name":"hexo","hostname":"RainbowdeMacBook-Pro.local","pid":11734,"level":20,"msg":"Processed: \u001b[35msource/vendors/fancybox/source/helpers/fancybox_buttons.png\u001b[39m","time":"2016-08-19T08:59:52.096Z","v":0}
{"name":"hexo","hostname":"RainbowdeMacBook-Pro.local","pid":11734,"level":20,"msg":"Processed: \u001b[35msource/vendors/fancybox/source/helpers/jquery.fancybox-buttons.js\u001b[39m","time":"2016-08-19T08:59:52.097Z","v":0}
{"name":"hexo","hostname":"RainbowdeMacBook-Pro.local","pid":11734,"level":20,"msg":"Processed: \u001b[35msource/vendors/fancybox/source/helpers/jquery.fancybox-media.js\u001b[39m","time":"2016-08-19T08:59:52.097Z","v":0}
{"name":"hexo","hostname":"RainbowdeMacBook-Pro.local","pid":11734,"level":20,"msg":"Processed: \u001b[35msource/vendors/fancybox/source/helpers/jquery.fancybox-thumbs.css\u001b[39m","time":"2016-08-19T08:59:52.098Z","v":0}
{"name":"hexo","hostname":"RainbowdeMacBook-Pro.local","pid":11734,"level":20,"msg":"Processed: \u001b[35msource/vendors/fancybox/source/helpers/jquery.fancybox-thumbs.js\u001b[39m","time":"2016-08-19T08:59:52.098Z","v":0}
{"name":"hexo","hostname":"RainbowdeMacBook-Pro.local","pid":11734,"level":20,"msg":"Processed: \u001b[35msource/vendors/font-awesome/fonts/fontawesome-webfont.ttf\u001b[39m","time":"2016-08-19T08:59:52.099Z","v":0}
{"name":"hexo","hostname":"RainbowdeMacBook-Pro.local","pid":11734,"level":20,"msg":"Processed: \u001b[35mlayout/_scripts/third-party/analytics/busuanzi-counter.swig\u001b[39m","time":"2016-08-19T08:59:52.109Z","v":0}
{"name":"hexo","hostname":"RainbowdeMacBook-Pro.local","pid":11734,"level":20,"msg":"Processed: \u001b[35mlayout/_scripts/third-party/analytics/baidu-analytics.swig\u001b[39m","time":"2016-08-19T08:59:52.110Z","v":0}
{"name":"hexo","hostname":"RainbowdeMacBook-Pro.local","pid":11734,"level":20,"msg":"Processed: \u001b[35mlayout/_scripts/third-party/analytics/cnzz-analytics.swig\u001b[39m","time":"2016-08-19T08:59:52.110Z","v":0}
{"name":"hexo","hostname":"RainbowdeMacBook-Pro.local","pid":11734,"level":20,"msg":"Processed: \u001b[35mlayout/_scripts/third-party/analytics/google-analytics.swig\u001b[39m","time":"2016-08-19T08:59:52.110Z","v":0}
{"name":"hexo","hostname":"RainbowdeMacBook-Pro.local","pid":11734,"level":20,"msg":"Processed: \u001b[35mlayout/_scripts/third-party/analytics/facebook-sdk.swig\u001b[39m","time":"2016-08-19T08:59:52.110Z","v":0}
{"name":"hexo","hostname":"RainbowdeMacBook-Pro.local","pid":11734,"level":20,"msg":"Processed: \u001b[35mlayout/_scripts/third-party/analytics/tencent-analytics.swig\u001b[39m","time":"2016-08-19T08:59:52.110Z","v":0}
{"name":"hexo","hostname":"RainbowdeMacBook-Pro.local","pid":11734,"level":20,"msg":"Processed: \u001b[35mlayout/_scripts/third-party/comments/duoshuo.swig\u001b[39m","time":"2016-08-19T08:59:52.110Z","v":0}
{"name":"hexo","hostname":"RainbowdeMacBook-Pro.local","pid":11734,"level":20,"msg":"Processed: \u001b[35mlayout/_scripts/third-party/comments/disqus.swig\u001b[39m","time":"2016-08-19T08:59:52.110Z","v":0}
{"name":"hexo","hostname":"RainbowdeMacBook-Pro.local","pid":11734,"level":20,"msg":"Processed: \u001b[35msource/vendors/font-awesome/fonts/fontawesome-webfont.svg\u001b[39m","time":"2016-08-19T08:59:52.111Z","v":0}
{"name":"hexo","hostname":"RainbowdeMacBook-Pro.local","pid":11734,"level":20,"msg":"Generator: \u001b[35mpage\u001b[39m","time":"2016-08-19T08:59:52.347Z","v":0}
{"name":"hexo","hostname":"RainbowdeMacBook-Pro.local","pid":11734,"level":20,"msg":"Generator: \u001b[35mpost\u001b[39m","time":"2016-08-19T08:59:52.348Z","v":0}
{"name":"hexo","hostname":"RainbowdeMacBook-Pro.local","pid":11734,"level":20,"msg":"Generator: \u001b[35mcategory\u001b[39m","time":"2016-08-19T08:59:52.348Z","v":0}
{"name":"hexo","hostname":"RainbowdeMacBook-Pro.local","pid":11734,"level":20,"msg":"Generator: \u001b[35marchive\u001b[39m","time":"2016-08-19T08:59:52.348Z","v":0}
{"name":"hexo","hostname":"RainbowdeMacBook-Pro.local","pid":11734,"level":20,"msg":"Generator: \u001b[35mindex\u001b[39m","time":"2016-08-19T08:59:52.348Z","v":0}
{"name":"hexo","hostname":"RainbowdeMacBook-Pro.local","pid":11734,"level":20,"msg":"Generator: \u001b[35mtag\u001b[39m","time":"2016-08-19T08:59:52.348Z","v":0}
{"name":"hexo","hostname":"RainbowdeMacBook-Pro.local","pid":11734,"level":20,"msg":"Generator: \u001b[35masset\u001b[39m","time":"2016-08-19T08:59:52.350Z","v":0}
{"name":"hexo","hostname":"RainbowdeMacBook-Pro.local","pid":11734,"level":30,"msg":"Hexo is running at \u001b[4mhttp://0.0.0.0:4000/\u001b[24m. Press Ctrl+C to stop.","time":"2016-08-19T08:59:52.355Z","v":0}
{"name":"hexo","hostname":"RainbowdeMacBook-Pro.local","pid":11734,"level":20,"msg":"Database saved","time":"2016-08-19T08:59:52.370Z","v":0}
{"name":"hexo","hostname":"RainbowdeMacBook-Pro.local","pid":11734,"level":20,"msg":"Rendering index: \u001b[35mindex.html\u001b[39m","time":"2016-08-19T09:00:10.831Z","v":0}
{"name":"hexo","hostname":"RainbowdeMacBook-Pro.local","pid":11734,"level":20,"msg":"Rendering index: \u001b[35mindex.html\u001b[39m","time":"2016-08-19T09:00:48.937Z","v":0}
{"name":"hexo","hostname":"RainbowdeMacBook-Pro.local","pid":11734,"level":20,"msg":"Rendering archive: \u001b[35marchives/index.html\u001b[39m","time":"2016-08-19T09:00:54.937Z","v":0}
{"name":"hexo","hostname":"RainbowdeMacBook-Pro.local","pid":11734,"level":20,"msg":"Theme config loaded.","time":"2016-08-19T09:01:47.569Z","v":0}
{"name":"hexo","hostname":"RainbowdeMacBook-Pro.local","pid":11734,"level":20,"msg":"Processed: \u001b[35m_config.yml\u001b[39m","time":"2016-08-19T09:01:47.570Z","v":0}
{"name":"hexo","hostname":"RainbowdeMacBook-Pro.local","pid":11734,"level":20,"msg":"Generator: \u001b[35mpage\u001b[39m","time":"2016-08-19T09:01:47.682Z","v":0}
{"name":"hexo","hostname":"RainbowdeMacBook-Pro.local","pid":11734,"level":20,"msg":"Generator: \u001b[35mpost\u001b[39m","time":"2016-08-19T09:01:47.682Z","v":0}
{"name":"hexo","hostname":"RainbowdeMacBook-Pro.local","pid":11734,"level":20,"msg":"Generator: \u001b[35mcategory\u001b[39m","time":"2016-08-19T09:01:47.682Z","v":0}
{"name":"hexo","hostname":"RainbowdeMacBook-Pro.local","pid":11734,"level":20,"msg":"Generator: \u001b[35marchive\u001b[39m","time":"2016-08-19T09:01:47.682Z","v":0}
{"name":"hexo","hostname":"RainbowdeMacBook-Pro.local","pid":11734,"level":20,"msg":"Generator: \u001b[35mindex\u001b[39m","time":"2016-08-19T09:01:47.683Z","v":0}
{"name":"hexo","hostname":"RainbowdeMacBook-Pro.local","pid":11734,"level":20,"msg":"Generator: \u001b[35mtag\u001b[39m","time":"2016-08-19T09:01:47.683Z","v":0}
{"name":"hexo","hostname":"RainbowdeMacBook-Pro.local","pid":11734,"level":20,"msg":"Generator: \u001b[35masset\u001b[39m","time":"2016-08-19T09:01:47.684Z","v":0}
{"name":"hexo","hostname":"RainbowdeMacBook-Pro.local","pid":11734,"level":20,"msg":"Rendering archive: \u001b[35marchives/index.html\u001b[39m","time":"2016-08-19T09:01:53.943Z","v":0}
{"name":"hexo","hostname":"RainbowdeMacBook-Pro.local","pid":11734,"level":20,"msg":"Theme config loaded.","time":"2016-08-19T09:02:10.074Z","v":0}
{"name":"hexo","hostname":"RainbowdeMacBook-Pro.local","pid":11734,"level":20,"msg":"Processed: \u001b[35m_config.yml\u001b[39m","time":"2016-08-19T09:02:10.075Z","v":0}
{"name":"hexo","hostname":"RainbowdeMacBook-Pro.local","pid":11734,"level":20,"msg":"Generator: \u001b[35mpage\u001b[39m","time":"2016-08-19T09:02:10.183Z","v":0}
{"name":"hexo","hostname":"RainbowdeMacBook-Pro.local","pid":11734,"level":20,"msg":"Generator: \u001b[35mpost\u001b[39m","time":"2016-08-19T09:02:10.183Z","v":0}
{"name":"hexo","hostname":"RainbowdeMacBook-Pro.local","pid":11734,"level":20,"msg":"Generator: \u001b[35mcategory\u001b[39m","time":"2016-08-19T09:02:10.183Z","v":0}
{"name":"hexo","hostname":"RainbowdeMacBook-Pro.local","pid":11734,"level":20,"msg":"Generator: \u001b[35marchive\u001b[39m","time":"2016-08-19T09:02:10.183Z","v":0}
{"name":"hexo","hostname":"RainbowdeMacBook-Pro.local","pid":11734,"level":20,"msg":"Generator: \u001b[35mindex\u001b[39m","time":"2016-08-19T09:02:10.184Z","v":0}
{"name":"hexo","hostname":"RainbowdeMacBook-Pro.local","pid":11734,"level":20,"msg":"Generator: \u001b[35mtag\u001b[39m","time":"2016-08-19T09:02:10.184Z","v":0}
{"name":"hexo","hostname":"RainbowdeMacBook-Pro.local","pid":11734,"level":20,"msg":"Generator: \u001b[35masset\u001b[39m","time":"2016-08-19T09:02:10.185Z","v":0}
{"name":"hexo","hostname":"RainbowdeMacBook-Pro.local","pid":11734,"level":20,"msg":"Theme config loaded.","time":"2016-08-19T09:02:12.714Z","v":0}
{"name":"hexo","hostname":"RainbowdeMacBook-Pro.local","pid":11734,"level":20,"msg":"Processed: \u001b[35m_config.yml\u001b[39m","time":"2016-08-19T09:02:12.714Z","v":0}
{"name":"hexo","hostname":"RainbowdeMacBook-Pro.local","pid":11734,"level":20,"msg":"Generator: \u001b[35mpage\u001b[39m","time":"2016-08-19T09:02:12.823Z","v":0}
{"name":"hexo","hostname":"RainbowdeMacBook-Pro.local","pid":11734,"level":20,"msg":"Generator: \u001b[35mpost\u001b[39m","time":"2016-08-19T09:02:12.823Z","v":0}
{"name":"hexo","hostname":"RainbowdeMacBook-Pro.local","pid":11734,"level":20,"msg":"Generator: \u001b[35mcategory\u001b[39m","time":"2016-08-19T09:02:12.823Z","v":0}
{"name":"hexo","hostname":"RainbowdeMacBook-Pro.local","pid":11734,"level":20,"msg":"Generator: \u001b[35marchive\u001b[39m","time":"2016-08-19T09:02:12.823Z","v":0}
{"name":"hexo","hostname":"RainbowdeMacBook-Pro.local","pid":11734,"level":20,"msg":"Generator: \u001b[35mindex\u001b[39m","time":"2016-08-19T09:02:12.824Z","v":0}
{"name":"hexo","hostname":"RainbowdeMacBook-Pro.local","pid":11734,"level":20,"msg":"Generator: \u001b[35mtag\u001b[39m","time":"2016-08-19T09:02:12.824Z","v":0}
{"name":"hexo","hostname":"RainbowdeMacBook-Pro.local","pid":11734,"level":20,"msg":"Generator: \u001b[35masset\u001b[39m","time":"2016-08-19T09:02:12.825Z","v":0}
{"name":"hexo","hostname":"RainbowdeMacBook-Pro.local","pid":11734,"level":20,"msg":"Rendering index: \u001b[35mindex.html\u001b[39m","time":"2016-08-19T09:02:15.251Z","v":0}
{"name":"hexo","hostname":"RainbowdeMacBook-Pro.local","pid":11734,"level":20,"msg":"Rendering index: \u001b[35mindex.html\u001b[39m","time":"2016-08-19T09:02:18.830Z","v":0}
{"name":"hexo","hostname":"RainbowdeMacBook-Pro.local","pid":11734,"level":20,"msg":"Rendering index: \u001b[35mindex.html\u001b[39m","time":"2016-08-19T09:02:23.503Z","v":0}
{"name":"hexo","hostname":"RainbowdeMacBook-Pro.local","pid":11734,"level":20,"msg":"Theme config loaded.","time":"2016-08-19T09:02:40.062Z","v":0}
{"name":"hexo","hostname":"RainbowdeMacBook-Pro.local","pid":11734,"level":20,"msg":"Processed: \u001b[35m_config.yml\u001b[39m","time":"2016-08-19T09:02:40.062Z","v":0}
{"name":"hexo","hostname":"RainbowdeMacBook-Pro.local","pid":11734,"level":20,"msg":"Generator: \u001b[35mpage\u001b[39m","time":"2016-08-19T09:02:40.171Z","v":0}
{"name":"hexo","hostname":"RainbowdeMacBook-Pro.local","pid":11734,"level":20,"msg":"Generator: \u001b[35mpost\u001b[39m","time":"2016-08-19T09:02:40.172Z","v":0}
{"name":"hexo","hostname":"RainbowdeMacBook-Pro.local","pid":11734,"level":20,"msg":"Generator: \u001b[35mcategory\u001b[39m","time":"2016-08-19T09:02:40.172Z","v":0}
{"name":"hexo","hostname":"RainbowdeMacBook-Pro.local","pid":11734,"level":20,"msg":"Generator: \u001b[35marchive\u001b[39m","time":"2016-08-19T09:02:40.172Z","v":0}
{"name":"hexo","hostname":"RainbowdeMacBook-Pro.local","pid":11734,"level":20,"msg":"Generator: \u001b[35mindex\u001b[39m","time":"2016-08-19T09:02:40.172Z","v":0}
{"name":"hexo","hostname":"RainbowdeMacBook-Pro.local","pid":11734,"level":20,"msg":"Generator: \u001b[35mtag\u001b[39m","time":"2016-08-19T09:02:40.172Z","v":0}
{"name":"hexo","hostname":"RainbowdeMacBook-Pro.local","pid":11734,"level":20,"msg":"Generator: \u001b[35masset\u001b[39m","time":"2016-08-19T09:02:40.173Z","v":0}
{"name":"hexo","hostname":"RainbowdeMacBook-Pro.local","pid":11734,"level":20,"msg":"Rendering index: \u001b[35mindex.html\u001b[39m","time":"2016-08-19T09:02:42.050Z","v":0}
{"name":"hexo","hostname":"RainbowdeMacBook-Pro.local","pid":11734,"level":20,"msg":"Theme config loaded.","time":"2016-08-19T09:03:00.446Z","v":0}
{"name":"hexo","hostname":"RainbowdeMacBook-Pro.local","pid":11734,"level":20,"msg":"Processed: \u001b[35m_config.yml\u001b[39m","time":"2016-08-19T09:03:00.446Z","v":0}
{"name":"hexo","hostname":"RainbowdeMacBook-Pro.local","pid":11734,"level":20,"msg":"Generator: \u001b[35mpage\u001b[39m","time":"2016-08-19T09:03:00.555Z","v":0}
{"name":"hexo","hostname":"RainbowdeMacBook-Pro.local","pid":11734,"level":20,"msg":"Generator: \u001b[35mpost\u001b[39m","time":"2016-08-19T09:03:00.555Z","v":0}
{"name":"hexo","hostname":"RainbowdeMacBook-Pro.local","pid":11734,"level":20,"msg":"Generator: \u001b[35mcategory\u001b[39m","time":"2016-08-19T09:03:00.556Z","v":0}
{"name":"hexo","hostname":"RainbowdeMacBook-Pro.local","pid":11734,"level":20,"msg":"Generator: \u001b[35marchive\u001b[39m","time":"2016-08-19T09:03:00.557Z","v":0}
{"name":"hexo","hostname":"RainbowdeMacBook-Pro.local","pid":11734,"level":20,"msg":"Generator: \u001b[35mindex\u001b[39m","time":"2016-08-19T09:03:00.557Z","v":0}
{"name":"hexo","hostname":"RainbowdeMacBook-Pro.local","pid":11734,"level":20,"msg":"Generator: \u001b[35mtag\u001b[39m","time":"2016-08-19T09:03:00.557Z","v":0}
{"name":"hexo","hostname":"RainbowdeMacBook-Pro.local","pid":11734,"level":20,"msg":"Generator: \u001b[35masset\u001b[39m","time":"2016-08-19T09:03:00.558Z","v":0}
{"name":"hexo","hostname":"RainbowdeMacBook-Pro.local","pid":11734,"level":20,"msg":"Rendering index: \u001b[35mindex.html\u001b[39m","time":"2016-08-19T09:03:03.160Z","v":0}
{"name":"hexo","hostname":"RainbowdeMacBook-Pro.local","pid":11734,"level":20,"msg":"Theme config loaded.","time":"2016-08-19T09:04:08.670Z","v":0}
{"name":"hexo","hostname":"RainbowdeMacBook-Pro.local","pid":11734,"level":20,"msg":"Processed: \u001b[35m_config.yml\u001b[39m","time":"2016-08-19T09:04:08.670Z","v":0}
{"name":"hexo","hostname":"RainbowdeMacBook-Pro.local","pid":11734,"level":20,"msg":"Generator: \u001b[35mpage\u001b[39m","time":"2016-08-19T09:04:08.777Z","v":0}
{"name":"hexo","hostname":"RainbowdeMacBook-Pro.local","pid":11734,"level":20,"msg":"Generator: \u001b[35mpost\u001b[39m","time":"2016-08-19T09:04:08.777Z","v":0}
{"name":"hexo","hostname":"RainbowdeMacBook-Pro.local","pid":11734,"level":20,"msg":"Generator: \u001b[35mcategory\u001b[39m","time":"2016-08-19T09:04:08.777Z","v":0}
{"name":"hexo","hostname":"RainbowdeMacBook-Pro.local","pid":11734,"level":20,"msg":"Generator: \u001b[35marchive\u001b[39m","time":"2016-08-19T09:04:08.777Z","v":0}
{"name":"hexo","hostname":"RainbowdeMacBook-Pro.local","pid":11734,"level":20,"msg":"Generator: \u001b[35mindex\u001b[39m","time":"2016-08-19T09:04:08.777Z","v":0}
{"name":"hexo","hostname":"RainbowdeMacBook-Pro.local","pid":11734,"level":20,"msg":"Generator: \u001b[35mtag\u001b[39m","time":"2016-08-19T09:04:08.777Z","v":0}
{"name":"hexo","hostname":"RainbowdeMacBook-Pro.local","pid":11734,"level":20,"msg":"Generator: \u001b[35masset\u001b[39m","time":"2016-08-19T09:04:08.778Z","v":0}
{"name":"hexo","hostname":"RainbowdeMacBook-Pro.local","pid":11734,"level":20,"msg":"Rendering index: \u001b[35mindex.html\u001b[39m","time":"2016-08-19T09:04:11.922Z","v":0}
{"name":"hexo","hostname":"RainbowdeMacBook-Pro.local","pid":11734,"level":20,"msg":"Rendering archive: \u001b[35marchives/index.html\u001b[39m","time":"2016-08-19T09:06:05.601Z","v":0}
{"name":"hexo","hostname":"RainbowdeMacBook-Pro.local","pid":11734,"level":20,"msg":"Rendering index: \u001b[35mindex.html\u001b[39m","time":"2016-08-19T09:06:10.238Z","v":0}
{"name":"hexo","hostname":"RainbowdeMacBook-Pro.local","pid":11734,"level":20,"msg":"Rendering post: \u001b[35m2016/08/19/hello-world/index.html\u001b[39m","time":"2016-08-19T09:06:13.163Z","v":0}
{"name":"hexo","hostname":"RainbowdeMacBook-Pro.local","pid":11734,"level":20,"msg":"Rendering archive: \u001b[35marchives/index.html\u001b[39m","time":"2016-08-19T09:06:32.715Z","v":0}
{"name":"hexo","hostname":"RainbowdeMacBook-Pro.local","pid":11734,"level":20,"msg":"Rendering index: \u001b[35mindex.html\u001b[39m","time":"2016-08-19T09:06:34.930Z","v":0}
{"name":"hexo","hostname":"RainbowdeMacBook-Pro.local","pid":11734,"level":20,"msg":"Rendering post: \u001b[35m2016/08/19/hello-world/index.html\u001b[39m","time":"2016-08-19T09:06:37.498Z","v":0}
{"name":"hexo","hostname":"RainbowdeMacBook-Pro.local","pid":11734,"level":20,"msg":"Generator: \u001b[35mpage\u001b[39m","time":"2016-08-19T09:10:25.185Z","v":0}
{"name":"hexo","hostname":"RainbowdeMacBook-Pro.local","pid":11734,"level":20,"msg":"Generator: \u001b[35mpost\u001b[39m","time":"2016-08-19T09:10:25.186Z","v":0}
{"name":"hexo","hostname":"RainbowdeMacBook-Pro.local","pid":11734,"level":20,"msg":"Generator: \u001b[35mcategory\u001b[39m","time":"2016-08-19T09:10:25.186Z","v":0}
{"name":"hexo","hostname":"RainbowdeMacBook-Pro.local","pid":11734,"level":20,"msg":"Generator: \u001b[35marchive\u001b[39m","time":"2016-08-19T09:10:25.186Z","v":0}
{"name":"hexo","hostname":"RainbowdeMacBook-Pro.local","pid":11734,"level":20,"msg":"Generator: \u001b[35mindex\u001b[39m","time":"2016-08-19T09:10:25.186Z","v":0}
{"name":"hexo","hostname":"RainbowdeMacBook-Pro.local","pid":11734,"level":20,"msg":"Generator: \u001b[35mtag\u001b[39m","time":"2016-08-19T09:10:25.186Z","v":0}
{"name":"hexo","hostname":"RainbowdeMacBook-Pro.local","pid":11734,"level":20,"msg":"Generator: \u001b[35masset\u001b[39m","time":"2016-08-19T09:10:25.187Z","v":0}
{"name":"hexo","hostname":"RainbowdeMacBook-Pro.local","pid":11734,"level":20,"msg":"Theme config loaded.","time":"2016-08-19T09:12:12.068Z","v":0}
{"name":"hexo","hostname":"RainbowdeMacBook-Pro.local","pid":11734,"level":20,"msg":"Processed: \u001b[35m_config.yml\u001b[39m","time":"2016-08-19T09:12:12.069Z","v":0}
{"name":"hexo","hostname":"RainbowdeMacBook-Pro.local","pid":11734,"level":20,"msg":"Generator: \u001b[35mpage\u001b[39m","time":"2016-08-19T09:12:12.176Z","v":0}
{"name":"hexo","hostname":"RainbowdeMacBook-Pro.local","pid":11734,"level":20,"msg":"Generator: \u001b[35mpost\u001b[39m","time":"2016-08-19T09:12:12.176Z","v":0}
{"name":"hexo","hostname":"RainbowdeMacBook-Pro.local","pid":11734,"level":20,"msg":"Generator: \u001b[35mcategory\u001b[39m","time":"2016-08-19T09:12:12.176Z","v":0}
{"name":"hexo","hostname":"RainbowdeMacBook-Pro.local","pid":11734,"level":20,"msg":"Generator: \u001b[35marchive\u001b[39m","time":"2016-08-19T09:12:12.176Z","v":0}
{"name":"hexo","hostname":"RainbowdeMacBook-Pro.local","pid":11734,"level":20,"msg":"Generator: \u001b[35mindex\u001b[39m","time":"2016-08-19T09:12:12.176Z","v":0}
{"name":"hexo","hostname":"RainbowdeMacBook-Pro.local","pid":11734,"level":20,"msg":"Generator: \u001b[35mtag\u001b[39m","time":"2016-08-19T09:12:12.176Z","v":0}
{"name":"hexo","hostname":"RainbowdeMacBook-Pro.local","pid":11734,"level":20,"msg":"Generator: \u001b[35masset\u001b[39m","time":"2016-08-19T09:12:12.179Z","v":0}
{"name":"hexo","hostname":"RainbowdeMacBook-Pro.local","pid":11734,"level":20,"msg":"Rendering post: \u001b[35m2016/08/19/hello-world/index.html\u001b[39m","time":"2016-08-19T09:12:14.974Z","v":0}
{"name":"hexo","hostname":"RainbowdeMacBook-Pro.local","pid":11734,"level":20,"msg":"Theme config loaded.","time":"2016-08-19T09:14:17.158Z","v":0}
{"name":"hexo","hostname":"RainbowdeMacBook-Pro.local","pid":11734,"level":20,"msg":"Processed: \u001b[35m_config.yml\u001b[39m","time":"2016-08-19T09:14:17.159Z","v":0}
{"name":"hexo","hostname":"RainbowdeMacBook-Pro.local","pid":11734,"level":20,"msg":"Generator: \u001b[35mpage\u001b[39m","time":"2016-08-19T09:14:17.267Z","v":0}
{"name":"hexo","hostname":"RainbowdeMacBook-Pro.local","pid":11734,"level":20,"msg":"Generator: \u001b[35mpost\u001b[39m","time":"2016-08-19T09:14:17.267Z","v":0}
{"name":"hexo","hostname":"RainbowdeMacBook-Pro.local","pid":11734,"level":20,"msg":"Generator: \u001b[35mcategory\u001b[39m","time":"2016-08-19T09:14:17.267Z","v":0}
{"name":"hexo","hostname":"RainbowdeMacBook-Pro.local","pid":11734,"level":20,"msg":"Generator: \u001b[35marchive\u001b[39m","time":"2016-08-19T09:14:17.267Z","v":0}
{"name":"hexo","hostname":"RainbowdeMacBook-Pro.local","pid":11734,"level":20,"msg":"Generator: \u001b[35mindex\u001b[39m","time":"2016-08-19T09:14:17.267Z","v":0}
{"name":"hexo","hostname":"RainbowdeMacBook-Pro.local","pid":11734,"level":20,"msg":"Generator: \u001b[35mtag\u001b[39m","time":"2016-08-19T09:14:17.267Z","v":0}
{"name":"hexo","hostname":"RainbowdeMacBook-Pro.local","pid":11734,"level":20,"msg":"Generator: \u001b[35masset\u001b[39m","time":"2016-08-19T09:14:17.268Z","v":0}
{"name":"hexo","hostname":"RainbowdeMacBook-Pro.local","pid":11734,"level":20,"msg":"Theme config loaded.","time":"2016-08-19T09:14:30.879Z","v":0}
{"name":"hexo","hostname":"RainbowdeMacBook-Pro.local","pid":11734,"level":20,"msg":"Processed: \u001b[35m_config.yml\u001b[39m","time":"2016-08-19T09:14:30.879Z","v":0}
{"name":"hexo","hostname":"RainbowdeMacBook-Pro.local","pid":11734,"level":20,"msg":"Generator: \u001b[35mpage\u001b[39m","time":"2016-08-19T09:14:30.989Z","v":0}
{"name":"hexo","hostname":"RainbowdeMacBook-Pro.local","pid":11734,"level":20,"msg":"Generator: \u001b[35mpost\u001b[39m","time":"2016-08-19T09:14:30.989Z","v":0}
{"name":"hexo","hostname":"RainbowdeMacBook-Pro.local","pid":11734,"level":20,"msg":"Generator: \u001b[35mcategory\u001b[39m","time":"2016-08-19T09:14:30.990Z","v":0}
{"name":"hexo","hostname":"RainbowdeMacBook-Pro.local","pid":11734,"level":20,"msg":"Generator: \u001b[35marchive\u001b[39m","time":"2016-08-19T09:14:30.990Z","v":0}
{"name":"hexo","hostname":"RainbowdeMacBook-Pro.local","pid":11734,"level":20,"msg":"Generator: \u001b[35mindex\u001b[39m","time":"2016-08-19T09:14:30.990Z","v":0}
{"name":"hexo","hostname":"RainbowdeMacBook-Pro.local","pid":11734,"level":20,"msg":"Generator: \u001b[35mtag\u001b[39m","time":"2016-08-19T09:14:30.990Z","v":0}
{"name":"hexo","hostname":"RainbowdeMacBook-Pro.local","pid":11734,"level":20,"msg":"Generator: \u001b[35masset\u001b[39m","time":"2016-08-19T09:14:30.992Z","v":0}
{"name":"hexo","hostname":"RainbowdeMacBook-Pro.local","pid":11734,"level":20,"msg":"Rendering index: \u001b[35mindex.html\u001b[39m","time":"2016-08-19T09:14:36.152Z","v":0}
{"name":"hexo","hostname":"RainbowdeMacBook-Pro.local","pid":11734,"level":20,"msg":"Rendering post: \u001b[35m2016/08/19/hello-world/index.html\u001b[39m","time":"2016-08-19T09:14:41.672Z","v":0}
{"name":"hexo","hostname":"RainbowdeMacBook-Pro.local","pid":11734,"level":20,"msg":"Processed: \u001b[35msource/404.html\u001b[39m","time":"2016-08-19T09:15:44.818Z","v":0}
{"name":"hexo","hostname":"RainbowdeMacBook-Pro.local","pid":11734,"level":20,"msg":"Generator: \u001b[35mpage\u001b[39m","time":"2016-08-19T09:15:44.929Z","v":0}
{"name":"hexo","hostname":"RainbowdeMacBook-Pro.local","pid":11734,"level":20,"msg":"Generator: \u001b[35mpost\u001b[39m","time":"2016-08-19T09:15:44.929Z","v":0}
{"name":"hexo","hostname":"RainbowdeMacBook-Pro.local","pid":11734,"level":20,"msg":"Generator: \u001b[35mcategory\u001b[39m","time":"2016-08-19T09:15:44.929Z","v":0}
{"name":"hexo","hostname":"RainbowdeMacBook-Pro.local","pid":11734,"level":20,"msg":"Generator: \u001b[35marchive\u001b[39m","time":"2016-08-19T09:15:44.929Z","v":0}
{"name":"hexo","hostname":"RainbowdeMacBook-Pro.local","pid":11734,"level":20,"msg":"Generator: \u001b[35mindex\u001b[39m","time":"2016-08-19T09:15:44.930Z","v":0}
{"name":"hexo","hostname":"RainbowdeMacBook-Pro.local","pid":11734,"level":20,"msg":"Generator: \u001b[35mtag\u001b[39m","time":"2016-08-19T09:15:44.930Z","v":0}
{"name":"hexo","hostname":"RainbowdeMacBook-Pro.local","pid":11734,"level":20,"msg":"Generator: \u001b[35masset\u001b[39m","time":"2016-08-19T09:15:44.931Z","v":0}
{"name":"hexo","hostname":"RainbowdeMacBook-Pro.local","pid":11734,"level":20,"msg":"Rendering post: \u001b[35m2016/08/19/hello-world/index.html\u001b[39m","time":"2016-08-19T09:15:52.737Z","v":0}
{"name":"hexo","hostname":"RainbowdeMacBook-Pro.local","pid":11734,"level":20,"msg":"Theme config loaded.","time":"2016-08-19T09:16:04.386Z","v":0}
{"name":"hexo","hostname":"RainbowdeMacBook-Pro.local","pid":11734,"level":20,"msg":"Processed: \u001b[35m_config.yml\u001b[39m","time":"2016-08-19T09:16:04.386Z","v":0}
{"name":"hexo","hostname":"RainbowdeMacBook-Pro.local","pid":11734,"level":20,"msg":"Generator: \u001b[35mpage\u001b[39m","time":"2016-08-19T09:16:04.494Z","v":0}
{"name":"hexo","hostname":"RainbowdeMacBook-Pro.local","pid":11734,"level":20,"msg":"Generator: \u001b[35mpost\u001b[39m","time":"2016-08-19T09:16:04.494Z","v":0}
{"name":"hexo","hostname":"RainbowdeMacBook-Pro.local","pid":11734,"level":20,"msg":"Generator: \u001b[35mcategory\u001b[39m","time":"2016-08-19T09:16:04.495Z","v":0}
{"name":"hexo","hostname":"RainbowdeMacBook-Pro.local","pid":11734,"level":20,"msg":"Generator: \u001b[35marchive\u001b[39m","time":"2016-08-19T09:16:04.495Z","v":0}
{"name":"hexo","hostname":"RainbowdeMacBook-Pro.local","pid":11734,"level":20,"msg":"Generator: \u001b[35mindex\u001b[39m","time":"2016-08-19T09:16:04.496Z","v":0}
{"name":"hexo","hostname":"RainbowdeMacBook-Pro.local","pid":11734,"level":20,"msg":"Generator: \u001b[35mtag\u001b[39m","time":"2016-08-19T09:16:04.496Z","v":0}
{"name":"hexo","hostname":"RainbowdeMacBook-Pro.local","pid":11734,"level":20,"msg":"Generator: \u001b[35masset\u001b[39m","time":"2016-08-19T09:16:04.497Z","v":0}
{"name":"hexo","hostname":"RainbowdeMacBook-Pro.local","pid":11734,"level":30,"msg":"Catch you later","time":"2016-08-19T09:17:11.496Z","v":0}
{"name":"hexo","hostname":"RainbowdeMacBook-Pro.local","pid":11734,"level":20,"msg":"Database saved","time":"2016-08-19T09:17:11.507Z","v":0}
{"name":"hexo","hostname":"RainbowdeMacBook-Pro.local","pid":11747,"level":20,"msg":"Hexo version: \u001b[35m3.2.2\u001b[39m","time":"2016-08-19T09:17:13.713Z","v":0}
{"name":"hexo","hostname":"RainbowdeMacBook-Pro.local","pid":11747,"level":20,"msg":"Working directory: \u001b[35m~/Documents/web/rainy-rainy.github.io/\u001b[39m","time":"2016-08-19T09:17:13.715Z","v":0}
{"name":"hexo","hostname":"RainbowdeMacBook-Pro.local","pid":11747,"level":20,"msg":"Config loaded: \u001b[35m~/Documents/web/rainy-rainy.github.io/_config.yml\u001b[39m","time":"2016-08-19T09:17:13.837Z","v":0}
{"name":"hexo","hostname":"RainbowdeMacBook-Pro.local","pid":11747,"level":20,"msg":"Script loaded: \u001b[35mthemes/next/scripts/tags/center-quote.js\u001b[39m","time":"2016-08-19T09:17:13.854Z","v":0}
{"name":"hexo","hostname":"RainbowdeMacBook-Pro.local","pid":11747,"level":20,"msg":"Script loaded: \u001b[35mthemes/next/scripts/merge-configs.js\u001b[39m","time":"2016-08-19T09:17:13.855Z","v":0}
{"name":"hexo","hostname":"RainbowdeMacBook-Pro.local","pid":11747,"level":20,"msg":"Script loaded: \u001b[35mthemes/next/scripts/tags/group-pictures.js\u001b[39m","time":"2016-08-19T09:17:13.856Z","v":0}
{"name":"hexo","hostname":"RainbowdeMacBook-Pro.local","pid":11747,"level":20,"msg":"Script loaded: \u001b[35mthemes/next/scripts/tags/full-image.js\u001b[39m","time":"2016-08-19T09:17:13.857Z","v":0}
{"name":"hexo","hostname":"RainbowdeMacBook-Pro.local","pid":11747,"level":20,"msg":"Plugin loaded: \u001b[35mhexo-generator-archive\u001b[39m","time":"2016-08-19T09:17:13.861Z","v":0}
{"name":"hexo","hostname":"RainbowdeMacBook-Pro.local","pid":11747,"level":20,"msg":"Plugin loaded: \u001b[35mhexo-deployer-git\u001b[39m","time":"2016-08-19T09:17:14.134Z","v":0}
{"name":"hexo","hostname":"RainbowdeMacBook-Pro.local","pid":11747,"level":20,"msg":"Plugin loaded: \u001b[35mhexo-generator-category\u001b[39m","time":"2016-08-19T09:17:14.137Z","v":0}
{"name":"hexo","hostname":"RainbowdeMacBook-Pro.local","pid":11747,"level":20,"msg":"Plugin loaded: \u001b[35mhexo-generator-index\u001b[39m","time":"2016-08-19T09:17:14.148Z","v":0}
{"name":"hexo","hostname":"RainbowdeMacBook-Pro.local","pid":11747,"level":20,"msg":"Plugin loaded: \u001b[35mhexo-renderer-stylus\u001b[39m","time":"2016-08-19T09:17:14.151Z","v":0}
{"name":"hexo","hostname":"RainbowdeMacBook-Pro.local","pid":11747,"level":20,"msg":"Plugin loaded: \u001b[35mhexo-renderer-marked\u001b[39m","time":"2016-08-19T09:17:14.243Z","v":0}
{"name":"hexo","hostname":"RainbowdeMacBook-Pro.local","pid":11747,"level":20,"msg":"Plugin loaded: \u001b[35mhexo-generator-tag\u001b[39m","time":"2016-08-19T09:17:14.247Z","v":0}
{"name":"hexo","hostname":"RainbowdeMacBook-Pro.local","pid":11747,"level":20,"msg":"Plugin loaded: \u001b[35mhexo-renderer-ejs\u001b[39m","time":"2016-08-19T09:17:14.251Z","v":0}
{"name":"hexo","hostname":"RainbowdeMacBook-Pro.local","pid":11747,"level":20,"msg":"Plugin loaded: \u001b[35mhexo-server\u001b[39m","time":"2016-08-19T09:17:14.400Z","v":0}
{"name":"hexo","hostname":"RainbowdeMacBook-Pro.local","pid":11747,"level":20,"msg":"Loading database.","time":"2016-08-19T09:17:14.409Z","v":0}
{"name":"hexo","hostname":"RainbowdeMacBook-Pro.local","pid":11747,"level":30,"msg":"Start processing","time":"2016-08-19T09:17:14.450Z","v":0}
{"name":"hexo","hostname":"RainbowdeMacBook-Pro.local","pid":11747,"level":20,"msg":"Processed: \u001b[35msource/404.html\u001b[39m","time":"2016-08-19T09:17:14.529Z","v":0}
{"name":"hexo","hostname":"RainbowdeMacBook-Pro.local","pid":11747,"level":20,"msg":"Processed: \u001b[35m_posts/hello-world.md\u001b[39m","time":"2016-08-19T09:17:14.554Z","v":0}
{"name":"hexo","hostname":"RainbowdeMacBook-Pro.local","pid":11747,"level":20,"msg":"Theme config loaded.","time":"2016-08-19T09:17:14.625Z","v":0}
{"name":"hexo","hostname":"RainbowdeMacBook-Pro.local","pid":11747,"level":20,"msg":"Processed: \u001b[35m_config.yml\u001b[39m","time":"2016-08-19T09:17:14.626Z","v":0}
{"name":"hexo","hostname":"RainbowdeMacBook-Pro.local","pid":11747,"level":20,"msg":"Processed: \u001b[35msource/css/main.styl\u001b[39m","time":"2016-08-19T09:17:14.626Z","v":0}
{"name":"hexo","hostname":"RainbowdeMacBook-Pro.local","pid":11747,"level":20,"msg":"Processed: \u001b[35msource/images/avatar.gif\u001b[39m","time":"2016-08-19T09:17:14.626Z","v":0}
{"name":"hexo","hostname":"RainbowdeMacBook-Pro.local","pid":11747,"level":20,"msg":"Processed: \u001b[35msource/images/cc-by-nc-sa.svg\u001b[39m","time":"2016-08-19T09:17:14.627Z","v":0}
{"name":"hexo","hostname":"RainbowdeMacBook-Pro.local","pid":11747,"level":20,"msg":"Processed: \u001b[35msource/images/cc-by-nd.svg\u001b[39m","time":"2016-08-19T09:17:14.627Z","v":0}
{"name":"hexo","hostname":"RainbowdeMacBook-Pro.local","pid":11747,"level":20,"msg":"Processed: \u001b[35msource/images/cc-by-nc-nd.svg\u001b[39m","time":"2016-08-19T09:17:14.628Z","v":0}
{"name":"hexo","hostname":"RainbowdeMacBook-Pro.local","pid":11747,"level":20,"msg":"Processed: \u001b[35msource/images/cc-by-nc.svg\u001b[39m","time":"2016-08-19T09:17:14.629Z","v":0}
{"name":"hexo","hostname":"RainbowdeMacBook-Pro.local","pid":11747,"level":20,"msg":"Processed: \u001b[35msource/images/cc-by-sa.svg\u001b[39m","time":"2016-08-19T09:17:14.629Z","v":0}
{"name":"hexo","hostname":"RainbowdeMacBook-Pro.local","pid":11747,"level":20,"msg":"Processed: \u001b[35msource/images/cc-by.svg\u001b[39m","time":"2016-08-19T09:17:14.629Z","v":0}
{"name":"hexo","hostname":"RainbowdeMacBook-Pro.local","pid":11747,"level":20,"msg":"Processed: \u001b[35msource/images/loading.gif\u001b[39m","time":"2016-08-19T09:17:14.630Z","v":0}
{"name":"hexo","hostname":"RainbowdeMacBook-Pro.local","pid":11747,"level":20,"msg":"Processed: \u001b[35msource/images/placeholder.gif\u001b[39m","time":"2016-08-19T09:17:14.630Z","v":0}
{"name":"hexo","hostname":"RainbowdeMacBook-Pro.local","pid":11747,"level":20,"msg":"Processed: \u001b[35msource/images/cc-zero.svg\u001b[39m","time":"2016-08-19T09:17:14.631Z","v":0}
{"name":"hexo","hostname":"RainbowdeMacBook-Pro.local","pid":11747,"level":20,"msg":"Processed: \u001b[35msource/images/quote-r.svg\u001b[39m","time":"2016-08-19T09:17:14.631Z","v":0}
{"name":"hexo","hostname":"RainbowdeMacBook-Pro.local","pid":11747,"level":20,"msg":"Processed: \u001b[35msource/images/quote-l.svg\u001b[39m","time":"2016-08-19T09:17:14.631Z","v":0}
{"name":"hexo","hostname":"RainbowdeMacBook-Pro.local","pid":11747,"level":20,"msg":"Processed: \u001b[35msource/images/searchicon.png\u001b[39m","time":"2016-08-19T09:17:14.632Z","v":0}
{"name":"hexo","hostname":"RainbowdeMacBook-Pro.local","pid":11747,"level":20,"msg":"Processed: \u001b[35mlayout/_layout.swig\u001b[39m","time":"2016-08-19T09:17:14.784Z","v":0}
{"name":"hexo","hostname":"RainbowdeMacBook-Pro.local","pid":11747,"level":20,"msg":"Processed: \u001b[35mlayout/archive.swig\u001b[39m","time":"2016-08-19T09:17:14.785Z","v":0}
{"name":"hexo","hostname":"RainbowdeMacBook-Pro.local","pid":11747,"level":20,"msg":"Processed: \u001b[35mlayout/category.swig\u001b[39m","time":"2016-08-19T09:17:14.785Z","v":0}
{"name":"hexo","hostname":"RainbowdeMacBook-Pro.local","pid":11747,"level":20,"msg":"Processed: \u001b[35mlayout/index.swig\u001b[39m","time":"2016-08-19T09:17:14.785Z","v":0}
{"name":"hexo","hostname":"RainbowdeMacBook-Pro.local","pid":11747,"level":20,"msg":"Processed: \u001b[35mlayout/tag.swig\u001b[39m","time":"2016-08-19T09:17:14.785Z","v":0}
{"name":"hexo","hostname":"RainbowdeMacBook-Pro.local","pid":11747,"level":20,"msg":"Processed: \u001b[35mlayout/page.swig\u001b[39m","time":"2016-08-19T09:17:14.785Z","v":0}
{"name":"hexo","hostname":"RainbowdeMacBook-Pro.local","pid":11747,"level":20,"msg":"Processed: \u001b[35mlayout/post.swig\u001b[39m","time":"2016-08-19T09:17:14.786Z","v":0}
{"name":"hexo","hostname":"RainbowdeMacBook-Pro.local","pid":11747,"level":20,"msg":"Processed: \u001b[35mlanguages/default.yml\u001b[39m","time":"2016-08-19T09:17:14.796Z","v":0}
{"name":"hexo","hostname":"RainbowdeMacBook-Pro.local","pid":11747,"level":20,"msg":"Processed: \u001b[35mlanguages/en.yml\u001b[39m","time":"2016-08-19T09:17:14.796Z","v":0}
{"name":"hexo","hostname":"RainbowdeMacBook-Pro.local","pid":11747,"level":20,"msg":"Processed: \u001b[35mlanguages/id.yml\u001b[39m","time":"2016-08-19T09:17:14.797Z","v":0}
{"name":"hexo","hostname":"RainbowdeMacBook-Pro.local","pid":11747,"level":20,"msg":"Processed: \u001b[35mlanguages/ja.yml\u001b[39m","time":"2016-08-19T09:17:14.797Z","v":0}
{"name":"hexo","hostname":"RainbowdeMacBook-Pro.local","pid":11747,"level":20,"msg":"Processed: \u001b[35mlanguages/fr-FR.yml\u001b[39m","time":"2016-08-19T09:17:14.798Z","v":0}
{"name":"hexo","hostname":"RainbowdeMacBook-Pro.local","pid":11747,"level":20,"msg":"Processed: \u001b[35mlanguages/ko.yml\u001b[39m","time":"2016-08-19T09:17:14.798Z","v":0}
{"name":"hexo","hostname":"RainbowdeMacBook-Pro.local","pid":11747,"level":20,"msg":"Processed: \u001b[35mlanguages/de.yml\u001b[39m","time":"2016-08-19T09:17:14.799Z","v":0}
{"name":"hexo","hostname":"RainbowdeMacBook-Pro.local","pid":11747,"level":20,"msg":"Processed: \u001b[35mlanguages/pt.yml\u001b[39m","time":"2016-08-19T09:17:14.799Z","v":0}
{"name":"hexo","hostname":"RainbowdeMacBook-Pro.local","pid":11747,"level":20,"msg":"Processed: \u001b[35mlanguages/ru.yml\u001b[39m","time":"2016-08-19T09:17:14.799Z","v":0}
{"name":"hexo","hostname":"RainbowdeMacBook-Pro.local","pid":11747,"level":20,"msg":"Processed: \u001b[35mlanguages/zh-Hans.yml\u001b[39m","time":"2016-08-19T09:17:14.800Z","v":0}
{"name":"hexo","hostname":"RainbowdeMacBook-Pro.local","pid":11747,"level":20,"msg":"Processed: \u001b[35mlanguages/pt-BR.yml\u001b[39m","time":"2016-08-19T09:17:14.800Z","v":0}
{"name":"hexo","hostname":"RainbowdeMacBook-Pro.local","pid":11747,"level":20,"msg":"Processed: \u001b[35mlanguages/zh-tw.yml\u001b[39m","time":"2016-08-19T09:17:14.800Z","v":0}
{"name":"hexo","hostname":"RainbowdeMacBook-Pro.local","pid":11747,"level":20,"msg":"Processed: \u001b[35mlanguages/zh-hk.yml\u001b[39m","time":"2016-08-19T09:17:14.800Z","v":0}
{"name":"hexo","hostname":"RainbowdeMacBook-Pro.local","pid":11747,"level":20,"msg":"Processed: \u001b[35msource/js/src/bootstrap.js\u001b[39m","time":"2016-08-19T09:17:14.801Z","v":0}
{"name":"hexo","hostname":"RainbowdeMacBook-Pro.local","pid":11747,"level":20,"msg":"Processed: \u001b[35msource/js/src/motion.js\u001b[39m","time":"2016-08-19T09:17:14.801Z","v":0}
{"name":"hexo","hostname":"RainbowdeMacBook-Pro.local","pid":11747,"level":20,"msg":"Processed: \u001b[35msource/js/src/post-details.js\u001b[39m","time":"2016-08-19T09:17:14.802Z","v":0}
{"name":"hexo","hostname":"RainbowdeMacBook-Pro.local","pid":11747,"level":20,"msg":"Processed: \u001b[35msource/js/src/affix.js\u001b[39m","time":"2016-08-19T09:17:14.803Z","v":0}
{"name":"hexo","hostname":"RainbowdeMacBook-Pro.local","pid":11747,"level":20,"msg":"Processed: \u001b[35msource/js/src/hook-duoshuo.js\u001b[39m","time":"2016-08-19T09:17:14.803Z","v":0}
{"name":"hexo","hostname":"RainbowdeMacBook-Pro.local","pid":11747,"level":20,"msg":"Processed: \u001b[35msource/js/src/scrollspy.js\u001b[39m","time":"2016-08-19T09:17:14.803Z","v":0}
{"name":"hexo","hostname":"RainbowdeMacBook-Pro.local","pid":11747,"level":20,"msg":"Processed: \u001b[35msource/js/src/utils.js\u001b[39m","time":"2016-08-19T09:17:14.803Z","v":0}
{"name":"hexo","hostname":"RainbowdeMacBook-Pro.local","pid":11747,"level":20,"msg":"Processed: \u001b[35msource/vendors/fastclick/bower.json\u001b[39m","time":"2016-08-19T09:17:14.803Z","v":0}
{"name":"hexo","hostname":"RainbowdeMacBook-Pro.local","pid":11747,"level":20,"msg":"Processed: \u001b[35msource/vendors/fastclick/LICENSE\u001b[39m","time":"2016-08-19T09:17:14.804Z","v":0}
{"name":"hexo","hostname":"RainbowdeMacBook-Pro.local","pid":11747,"level":20,"msg":"Processed: \u001b[35msource/vendors/fastclick/README.md\u001b[39m","time":"2016-08-19T09:17:14.805Z","v":0}
{"name":"hexo","hostname":"RainbowdeMacBook-Pro.local","pid":11747,"level":20,"msg":"Processed: \u001b[35msource/vendors/font-awesome/HELP-US-OUT.txt\u001b[39m","time":"2016-08-19T09:17:14.806Z","v":0}
{"name":"hexo","hostname":"RainbowdeMacBook-Pro.local","pid":11747,"level":20,"msg":"Processed: \u001b[35msource/vendors/font-awesome/bower.json\u001b[39m","time":"2016-08-19T09:17:14.806Z","v":0}
{"name":"hexo","hostname":"RainbowdeMacBook-Pro.local","pid":11747,"level":20,"msg":"Processed: \u001b[35msource/vendors/jquery_lazyload/CONTRIBUTING.md\u001b[39m","time":"2016-08-19T09:17:14.807Z","v":0}
{"name":"hexo","hostname":"RainbowdeMacBook-Pro.local","pid":11747,"level":20,"msg":"Processed: \u001b[35msource/vendors/jquery_lazyload/jquery.lazyload.js\u001b[39m","time":"2016-08-19T09:17:14.807Z","v":0}
{"name":"hexo","hostname":"RainbowdeMacBook-Pro.local","pid":11747,"level":20,"msg":"Processed: \u001b[35msource/vendors/jquery_lazyload/README.md\u001b[39m","time":"2016-08-19T09:17:14.808Z","v":0}
{"name":"hexo","hostname":"RainbowdeMacBook-Pro.local","pid":11747,"level":20,"msg":"Processed: \u001b[35msource/vendors/jquery_lazyload/jquery.scrollstop.js\u001b[39m","time":"2016-08-19T09:17:14.808Z","v":0}
{"name":"hexo","hostname":"RainbowdeMacBook-Pro.local","pid":11747,"level":20,"msg":"Processed: \u001b[35msource/vendors/jquery_lazyload/bower.json\u001b[39m","time":"2016-08-19T09:17:14.808Z","v":0}
{"name":"hexo","hostname":"RainbowdeMacBook-Pro.local","pid":11747,"level":20,"msg":"Processed: \u001b[35msource/vendors/velocity/velocity.min.js\u001b[39m","time":"2016-08-19T09:17:14.809Z","v":0}
{"name":"hexo","hostname":"RainbowdeMacBook-Pro.local","pid":11747,"level":20,"msg":"Processed: \u001b[35msource/vendors/velocity/bower.json\u001b[39m","time":"2016-08-19T09:17:14.809Z","v":0}
{"name":"hexo","hostname":"RainbowdeMacBook-Pro.local","pid":11747,"level":20,"msg":"Processed: \u001b[35msource/vendors/velocity/velocity.ui.min.js\u001b[39m","time":"2016-08-19T09:17:14.809Z","v":0}
{"name":"hexo","hostname":"RainbowdeMacBook-Pro.local","pid":11747,"level":20,"msg":"Processed: \u001b[35msource/vendors/velocity/velocity.ui.js\u001b[39m","time":"2016-08-19T09:17:14.809Z","v":0}
{"name":"hexo","hostname":"RainbowdeMacBook-Pro.local","pid":11747,"level":20,"msg":"Processed: \u001b[35msource/vendors/jquery/index.js\u001b[39m","time":"2016-08-19T09:17:14.822Z","v":0}
{"name":"hexo","hostname":"RainbowdeMacBook-Pro.local","pid":11747,"level":20,"msg":"Processed: \u001b[35mlayout/_macro/reward.swig\u001b[39m","time":"2016-08-19T09:17:14.875Z","v":0}
{"name":"hexo","hostname":"RainbowdeMacBook-Pro.local","pid":11747,"level":20,"msg":"Processed: \u001b[35mlayout/_macro/post-collapse.swig\u001b[39m","time":"2016-08-19T09:17:14.875Z","v":0}
{"name":"hexo","hostname":"RainbowdeMacBook-Pro.local","pid":11747,"level":20,"msg":"Processed: \u001b[35mlayout/_macro/sidebar.swig\u001b[39m","time":"2016-08-19T09:17:14.875Z","v":0}
{"name":"hexo","hostname":"RainbowdeMacBook-Pro.local","pid":11747,"level":20,"msg":"Processed: \u001b[35mlayout/_macro/post.swig\u001b[39m","time":"2016-08-19T09:17:14.876Z","v":0}
{"name":"hexo","hostname":"RainbowdeMacBook-Pro.local","pid":11747,"level":20,"msg":"Processed: \u001b[35mlayout/_macro/wechat-subscriber.swig\u001b[39m","time":"2016-08-19T09:17:14.876Z","v":0}
{"name":"hexo","hostname":"RainbowdeMacBook-Pro.local","pid":11747,"level":20,"msg":"Processed: \u001b[35mlayout/_scripts/baidu-push.swig\u001b[39m","time":"2016-08-19T09:17:14.876Z","v":0}
{"name":"hexo","hostname":"RainbowdeMacBook-Pro.local","pid":11747,"level":20,"msg":"Processed: \u001b[35mlayout/_scripts/boostrap.swig\u001b[39m","time":"2016-08-19T09:17:14.876Z","v":0}
{"name":"hexo","hostname":"RainbowdeMacBook-Pro.local","pid":11747,"level":20,"msg":"Processed: \u001b[35mlayout/_scripts/commons.swig\u001b[39m","time":"2016-08-19T09:17:14.876Z","v":0}
{"name":"hexo","hostname":"RainbowdeMacBook-Pro.local","pid":11747,"level":20,"msg":"Processed: \u001b[35mlayout/_scripts/vendors.swig\u001b[39m","time":"2016-08-19T09:17:14.876Z","v":0}
{"name":"hexo","hostname":"RainbowdeMacBook-Pro.local","pid":11747,"level":20,"msg":"Processed: \u001b[35mlayout/_partials/comments.swig\u001b[39m","time":"2016-08-19T09:17:14.876Z","v":0}
{"name":"hexo","hostname":"RainbowdeMacBook-Pro.local","pid":11747,"level":20,"msg":"Processed: \u001b[35mlayout/_partials/duoshuo-hot-articles.swig\u001b[39m","time":"2016-08-19T09:17:14.876Z","v":0}
{"name":"hexo","hostname":"RainbowdeMacBook-Pro.local","pid":11747,"level":20,"msg":"Processed: \u001b[35mlayout/_partials/footer.swig\u001b[39m","time":"2016-08-19T09:17:14.876Z","v":0}
{"name":"hexo","hostname":"RainbowdeMacBook-Pro.local","pid":11747,"level":20,"msg":"Processed: \u001b[35mlayout/_partials/head.swig\u001b[39m","time":"2016-08-19T09:17:14.876Z","v":0}
{"name":"hexo","hostname":"RainbowdeMacBook-Pro.local","pid":11747,"level":20,"msg":"Processed: \u001b[35mlayout/_partials/header.swig\u001b[39m","time":"2016-08-19T09:17:14.876Z","v":0}
{"name":"hexo","hostname":"RainbowdeMacBook-Pro.local","pid":11747,"level":20,"msg":"Processed: \u001b[35mlayout/_partials/pagination.swig\u001b[39m","time":"2016-08-19T09:17:14.876Z","v":0}
{"name":"hexo","hostname":"RainbowdeMacBook-Pro.local","pid":11747,"level":20,"msg":"Processed: \u001b[35mlayout/_partials/search.swig\u001b[39m","time":"2016-08-19T09:17:14.876Z","v":0}
{"name":"hexo","hostname":"RainbowdeMacBook-Pro.local","pid":11747,"level":20,"msg":"Processed: \u001b[35msource/js/src/schemes/pisces.js\u001b[39m","time":"2016-08-19T09:17:14.880Z","v":0}
{"name":"hexo","hostname":"RainbowdeMacBook-Pro.local","pid":11747,"level":20,"msg":"Processed: \u001b[35msource/vendors/fancybox/source/blank.gif\u001b[39m","time":"2016-08-19T09:17:14.880Z","v":0}
{"name":"hexo","hostname":"RainbowdeMacBook-Pro.local","pid":11747,"level":20,"msg":"Processed: \u001b[35msource/vendors/fancybox/source/fancybox_loading.gif\u001b[39m","time":"2016-08-19T09:17:14.880Z","v":0}
{"name":"hexo","hostname":"RainbowdeMacBook-Pro.local","pid":11747,"level":20,"msg":"Processed: \u001b[35msource/vendors/fancybox/source/fancybox_sprite.png\u001b[39m","time":"2016-08-19T09:17:14.880Z","v":0}
{"name":"hexo","hostname":"RainbowdeMacBook-Pro.local","pid":11747,"level":20,"msg":"Processed: \u001b[35msource/vendors/fancybox/source/fancybox_overlay.png\u001b[39m","time":"2016-08-19T09:17:14.881Z","v":0}
{"name":"hexo","hostname":"RainbowdeMacBook-Pro.local","pid":11747,"level":20,"msg":"Processed: \u001b[35msource/vendors/fancybox/source/fancybox_loading@2x.gif\u001b[39m","time":"2016-08-19T09:17:14.881Z","v":0}
{"name":"hexo","hostname":"RainbowdeMacBook-Pro.local","pid":11747,"level":20,"msg":"Processed: \u001b[35msource/vendors/fancybox/source/jquery.fancybox.css\u001b[39m","time":"2016-08-19T09:17:14.881Z","v":0}
{"name":"hexo","hostname":"RainbowdeMacBook-Pro.local","pid":11747,"level":20,"msg":"Processed: \u001b[35msource/vendors/fancybox/source/fancybox_sprite@2x.png\u001b[39m","time":"2016-08-19T09:17:14.881Z","v":0}
{"name":"hexo","hostname":"RainbowdeMacBook-Pro.local","pid":11747,"level":20,"msg":"Processed: \u001b[35msource/vendors/fancybox/source/jquery.fancybox.pack.js\u001b[39m","time":"2016-08-19T09:17:14.881Z","v":0}
{"name":"hexo","hostname":"RainbowdeMacBook-Pro.local","pid":11747,"level":20,"msg":"Processed: \u001b[35msource/vendors/fancybox/source/jquery.fancybox.js\u001b[39m","time":"2016-08-19T09:17:14.881Z","v":0}
{"name":"hexo","hostname":"RainbowdeMacBook-Pro.local","pid":11747,"level":20,"msg":"Processed: \u001b[35msource/vendors/fastclick/lib/fastclick.js\u001b[39m","time":"2016-08-19T09:17:14.882Z","v":0}
{"name":"hexo","hostname":"RainbowdeMacBook-Pro.local","pid":11747,"level":20,"msg":"Processed: \u001b[35msource/vendors/fastclick/lib/fastclick.min.js\u001b[39m","time":"2016-08-19T09:17:14.882Z","v":0}
{"name":"hexo","hostname":"RainbowdeMacBook-Pro.local","pid":11747,"level":20,"msg":"Processed: \u001b[35msource/vendors/font-awesome/css/font-awesome.min.css\u001b[39m","time":"2016-08-19T09:17:14.882Z","v":0}
{"name":"hexo","hostname":"RainbowdeMacBook-Pro.local","pid":11747,"level":20,"msg":"Processed: \u001b[35msource/vendors/font-awesome/css/font-awesome.css.map\u001b[39m","time":"2016-08-19T09:17:14.882Z","v":0}
{"name":"hexo","hostname":"RainbowdeMacBook-Pro.local","pid":11747,"level":20,"msg":"Processed: \u001b[35msource/vendors/font-awesome/css/font-awesome.css\u001b[39m","time":"2016-08-19T09:17:14.882Z","v":0}
{"name":"hexo","hostname":"RainbowdeMacBook-Pro.local","pid":11747,"level":20,"msg":"Processed: \u001b[35msource/vendors/font-awesome/fonts/fontawesome-webfont.woff2\u001b[39m","time":"2016-08-19T09:17:14.882Z","v":0}
{"name":"hexo","hostname":"RainbowdeMacBook-Pro.local","pid":11747,"level":20,"msg":"Processed: \u001b[35msource/vendors/ua-parser-js/dist/ua-parser.pack.js\u001b[39m","time":"2016-08-19T09:17:14.883Z","v":0}
{"name":"hexo","hostname":"RainbowdeMacBook-Pro.local","pid":11747,"level":20,"msg":"Processed: \u001b[35msource/vendors/ua-parser-js/dist/ua-parser.min.js\u001b[39m","time":"2016-08-19T09:17:14.883Z","v":0}
{"name":"hexo","hostname":"RainbowdeMacBook-Pro.local","pid":11747,"level":20,"msg":"Processed: \u001b[35mlayout/_scripts/schemes/muse.swig\u001b[39m","time":"2016-08-19T09:17:14.887Z","v":0}
{"name":"hexo","hostname":"RainbowdeMacBook-Pro.local","pid":11747,"level":20,"msg":"Processed: \u001b[35mlayout/_scripts/schemes/mist.swig\u001b[39m","time":"2016-08-19T09:17:14.887Z","v":0}
{"name":"hexo","hostname":"RainbowdeMacBook-Pro.local","pid":11747,"level":20,"msg":"Processed: \u001b[35msource/vendors/font-awesome/fonts/FontAwesome.otf\u001b[39m","time":"2016-08-19T09:17:14.887Z","v":0}
{"name":"hexo","hostname":"RainbowdeMacBook-Pro.local","pid":11747,"level":20,"msg":"Processed: \u001b[35msource/vendors/velocity/velocity.js\u001b[39m","time":"2016-08-19T09:17:14.888Z","v":0}
{"name":"hexo","hostname":"RainbowdeMacBook-Pro.local","pid":11747,"level":20,"msg":"Processed: \u001b[35msource/vendors/font-awesome/fonts/fontawesome-webfont.eot\u001b[39m","time":"2016-08-19T09:17:14.888Z","v":0}
{"name":"hexo","hostname":"RainbowdeMacBook-Pro.local","pid":11747,"level":20,"msg":"Processed: \u001b[35msource/vendors/font-awesome/fonts/fontawesome-webfont.woff\u001b[39m","time":"2016-08-19T09:17:14.888Z","v":0}
{"name":"hexo","hostname":"RainbowdeMacBook-Pro.local","pid":11747,"level":20,"msg":"Processed: \u001b[35mlayout/_scripts/pages/post-details.swig\u001b[39m","time":"2016-08-19T09:17:14.900Z","v":0}
{"name":"hexo","hostname":"RainbowdeMacBook-Pro.local","pid":11747,"level":20,"msg":"Processed: \u001b[35mlayout/_scripts/third-party/analytics.swig\u001b[39m","time":"2016-08-19T09:17:14.900Z","v":0}
{"name":"hexo","hostname":"RainbowdeMacBook-Pro.local","pid":11747,"level":20,"msg":"Processed: \u001b[35mlayout/_scripts/schemes/pisces.swig\u001b[39m","time":"2016-08-19T09:17:14.900Z","v":0}
{"name":"hexo","hostname":"RainbowdeMacBook-Pro.local","pid":11747,"level":20,"msg":"Processed: \u001b[35mlayout/_scripts/third-party/comments.swig\u001b[39m","time":"2016-08-19T09:17:14.901Z","v":0}
{"name":"hexo","hostname":"RainbowdeMacBook-Pro.local","pid":11747,"level":20,"msg":"Processed: \u001b[35mlayout/_scripts/third-party/lean-analytics.swig\u001b[39m","time":"2016-08-19T09:17:14.901Z","v":0}
{"name":"hexo","hostname":"RainbowdeMacBook-Pro.local","pid":11747,"level":20,"msg":"Processed: \u001b[35mlayout/_scripts/third-party/localsearch.swig\u001b[39m","time":"2016-08-19T09:17:14.901Z","v":0}
{"name":"hexo","hostname":"RainbowdeMacBook-Pro.local","pid":11747,"level":20,"msg":"Processed: \u001b[35mlayout/_scripts/third-party/mathjax.swig\u001b[39m","time":"2016-08-19T09:17:14.901Z","v":0}
{"name":"hexo","hostname":"RainbowdeMacBook-Pro.local","pid":11747,"level":20,"msg":"Processed: \u001b[35mlayout/_scripts/third-party/tinysou.swig\u001b[39m","time":"2016-08-19T09:17:14.901Z","v":0}
{"name":"hexo","hostname":"RainbowdeMacBook-Pro.local","pid":11747,"level":20,"msg":"Processed: \u001b[35mlayout/_partials/head/external-fonts.swig\u001b[39m","time":"2016-08-19T09:17:14.901Z","v":0}
{"name":"hexo","hostname":"RainbowdeMacBook-Pro.local","pid":11747,"level":20,"msg":"Processed: \u001b[35mlayout/_partials/share/add-this.swig\u001b[39m","time":"2016-08-19T09:17:14.901Z","v":0}
{"name":"hexo","hostname":"RainbowdeMacBook-Pro.local","pid":11747,"level":20,"msg":"Processed: \u001b[35mlayout/_partials/search/swiftype.swig\u001b[39m","time":"2016-08-19T09:17:14.902Z","v":0}
{"name":"hexo","hostname":"RainbowdeMacBook-Pro.local","pid":11747,"level":20,"msg":"Processed: \u001b[35mlayout/_partials/search/localsearch.swig\u001b[39m","time":"2016-08-19T09:17:14.902Z","v":0}
{"name":"hexo","hostname":"RainbowdeMacBook-Pro.local","pid":11747,"level":20,"msg":"Processed: \u001b[35mlayout/_partials/share/baidushare.swig\u001b[39m","time":"2016-08-19T09:17:14.902Z","v":0}
{"name":"hexo","hostname":"RainbowdeMacBook-Pro.local","pid":11747,"level":20,"msg":"Processed: \u001b[35mlayout/_partials/search/tinysou.swig\u001b[39m","time":"2016-08-19T09:17:14.902Z","v":0}
{"name":"hexo","hostname":"RainbowdeMacBook-Pro.local","pid":11747,"level":20,"msg":"Processed: \u001b[35mlayout/_partials/share/jiathis.swig\u001b[39m","time":"2016-08-19T09:17:14.903Z","v":0}
{"name":"hexo","hostname":"RainbowdeMacBook-Pro.local","pid":11747,"level":20,"msg":"Processed: \u001b[35mlayout/_partials/share/duoshuo_share.swig\u001b[39m","time":"2016-08-19T09:17:14.903Z","v":0}
{"name":"hexo","hostname":"RainbowdeMacBook-Pro.local","pid":11747,"level":20,"msg":"Processed: \u001b[35msource/vendors/fancybox/source/helpers/fancybox_buttons.png\u001b[39m","time":"2016-08-19T09:17:14.905Z","v":0}
{"name":"hexo","hostname":"RainbowdeMacBook-Pro.local","pid":11747,"level":20,"msg":"Processed: \u001b[35msource/vendors/fancybox/source/helpers/jquery.fancybox-buttons.css\u001b[39m","time":"2016-08-19T09:17:14.906Z","v":0}
{"name":"hexo","hostname":"RainbowdeMacBook-Pro.local","pid":11747,"level":20,"msg":"Processed: \u001b[35msource/vendors/fancybox/source/helpers/jquery.fancybox-buttons.js\u001b[39m","time":"2016-08-19T09:17:14.907Z","v":0}
{"name":"hexo","hostname":"RainbowdeMacBook-Pro.local","pid":11747,"level":20,"msg":"Processed: \u001b[35msource/vendors/fancybox/source/helpers/jquery.fancybox-media.js\u001b[39m","time":"2016-08-19T09:17:14.908Z","v":0}
{"name":"hexo","hostname":"RainbowdeMacBook-Pro.local","pid":11747,"level":20,"msg":"Processed: \u001b[35msource/vendors/fancybox/source/helpers/jquery.fancybox-thumbs.css\u001b[39m","time":"2016-08-19T09:17:14.909Z","v":0}
{"name":"hexo","hostname":"RainbowdeMacBook-Pro.local","pid":11747,"level":20,"msg":"Processed: \u001b[35msource/vendors/fancybox/source/helpers/jquery.fancybox-thumbs.js\u001b[39m","time":"2016-08-19T09:17:14.909Z","v":0}
{"name":"hexo","hostname":"RainbowdeMacBook-Pro.local","pid":11747,"level":20,"msg":"Processed: \u001b[35msource/vendors/font-awesome/fonts/fontawesome-webfont.ttf\u001b[39m","time":"2016-08-19T09:17:14.910Z","v":0}
{"name":"hexo","hostname":"RainbowdeMacBook-Pro.local","pid":11747,"level":20,"msg":"Processed: \u001b[35mlayout/_scripts/third-party/analytics/baidu-analytics.swig\u001b[39m","time":"2016-08-19T09:17:14.920Z","v":0}
{"name":"hexo","hostname":"RainbowdeMacBook-Pro.local","pid":11747,"level":20,"msg":"Processed: \u001b[35mlayout/_scripts/third-party/analytics/busuanzi-counter.swig\u001b[39m","time":"2016-08-19T09:17:14.921Z","v":0}
{"name":"hexo","hostname":"RainbowdeMacBook-Pro.local","pid":11747,"level":20,"msg":"Processed: \u001b[35mlayout/_scripts/third-party/analytics/cnzz-analytics.swig\u001b[39m","time":"2016-08-19T09:17:14.921Z","v":0}
{"name":"hexo","hostname":"RainbowdeMacBook-Pro.local","pid":11747,"level":20,"msg":"Processed: \u001b[35mlayout/_scripts/third-party/analytics/google-analytics.swig\u001b[39m","time":"2016-08-19T09:17:14.921Z","v":0}
{"name":"hexo","hostname":"RainbowdeMacBook-Pro.local","pid":11747,"level":20,"msg":"Processed: \u001b[35mlayout/_scripts/third-party/analytics/facebook-sdk.swig\u001b[39m","time":"2016-08-19T09:17:14.921Z","v":0}
{"name":"hexo","hostname":"RainbowdeMacBook-Pro.local","pid":11747,"level":20,"msg":"Processed: \u001b[35mlayout/_scripts/third-party/analytics/tencent-analytics.swig\u001b[39m","time":"2016-08-19T09:17:14.921Z","v":0}
{"name":"hexo","hostname":"RainbowdeMacBook-Pro.local","pid":11747,"level":20,"msg":"Processed: \u001b[35mlayout/_scripts/third-party/comments/disqus.swig\u001b[39m","time":"2016-08-19T09:17:14.921Z","v":0}
{"name":"hexo","hostname":"RainbowdeMacBook-Pro.local","pid":11747,"level":20,"msg":"Processed: \u001b[35mlayout/_scripts/third-party/comments/duoshuo.swig\u001b[39m","time":"2016-08-19T09:17:14.921Z","v":0}
{"name":"hexo","hostname":"RainbowdeMacBook-Pro.local","pid":11747,"level":20,"msg":"Processed: \u001b[35msource/vendors/font-awesome/fonts/fontawesome-webfont.svg\u001b[39m","time":"2016-08-19T09:17:14.922Z","v":0}
{"name":"hexo","hostname":"RainbowdeMacBook-Pro.local","pid":11747,"level":20,"msg":"Generator: \u001b[35mpage\u001b[39m","time":"2016-08-19T09:17:15.047Z","v":0}
{"name":"hexo","hostname":"RainbowdeMacBook-Pro.local","pid":11747,"level":20,"msg":"Generator: \u001b[35mpost\u001b[39m","time":"2016-08-19T09:17:15.047Z","v":0}
{"name":"hexo","hostname":"RainbowdeMacBook-Pro.local","pid":11747,"level":20,"msg":"Generator: \u001b[35marchive\u001b[39m","time":"2016-08-19T09:17:15.047Z","v":0}
{"name":"hexo","hostname":"RainbowdeMacBook-Pro.local","pid":11747,"level":20,"msg":"Generator: \u001b[35mcategory\u001b[39m","time":"2016-08-19T09:17:15.047Z","v":0}
{"name":"hexo","hostname":"RainbowdeMacBook-Pro.local","pid":11747,"level":20,"msg":"Generator: \u001b[35mindex\u001b[39m","time":"2016-08-19T09:17:15.048Z","v":0}
{"name":"hexo","hostname":"RainbowdeMacBook-Pro.local","pid":11747,"level":20,"msg":"Generator: \u001b[35mtag\u001b[39m","time":"2016-08-19T09:17:15.048Z","v":0}
{"name":"hexo","hostname":"RainbowdeMacBook-Pro.local","pid":11747,"level":20,"msg":"Generator: \u001b[35masset\u001b[39m","time":"2016-08-19T09:17:15.049Z","v":0}
{"name":"hexo","hostname":"RainbowdeMacBook-Pro.local","pid":11747,"level":30,"msg":"Hexo is running at \u001b[4mhttp://0.0.0.0:4000/\u001b[24m. Press Ctrl+C to stop.","time":"2016-08-19T09:17:15.056Z","v":0}
{"name":"hexo","hostname":"RainbowdeMacBook-Pro.local","pid":11747,"level":20,"msg":"Database saved","time":"2016-08-19T09:17:15.089Z","v":0}
{"name":"hexo","hostname":"RainbowdeMacBook-Pro.local","pid":11747,"level":20,"msg":"Rendering index: \u001b[35mindex.html\u001b[39m","time":"2016-08-19T09:17:20.291Z","v":0}
{"name":"hexo","hostname":"RainbowdeMacBook-Pro.local","pid":11747,"level":20,"msg":"Rendering post: \u001b[35m2016/08/19/hello-world/index.html\u001b[39m","time":"2016-08-19T09:17:30.706Z","v":0}
{"name":"hexo","hostname":"RainbowdeMacBook-Pro.local","pid":11747,"level":20,"msg":"Rendering index: \u001b[35mindex.html\u001b[39m","time":"2016-08-19T09:18:21.165Z","v":0}
{"name":"hexo","hostname":"RainbowdeMacBook-Pro.local","pid":11747,"level":20,"msg":"Theme config loaded.","time":"2016-08-19T09:19:07.839Z","v":0}
{"name":"hexo","hostname":"RainbowdeMacBook-Pro.local","pid":11747,"level":20,"msg":"Processed: \u001b[35m_config.yml\u001b[39m","time":"2016-08-19T09:19:07.840Z","v":0}
{"name":"hexo","hostname":"RainbowdeMacBook-Pro.local","pid":11747,"level":20,"msg":"Generator: \u001b[35mpage\u001b[39m","time":"2016-08-19T09:19:07.952Z","v":0}
{"name":"hexo","hostname":"RainbowdeMacBook-Pro.local","pid":11747,"level":20,"msg":"Generator: \u001b[35mpost\u001b[39m","time":"2016-08-19T09:19:07.952Z","v":0}
{"name":"hexo","hostname":"RainbowdeMacBook-Pro.local","pid":11747,"level":20,"msg":"Generator: \u001b[35marchive\u001b[39m","time":"2016-08-19T09:19:07.953Z","v":0}
{"name":"hexo","hostname":"RainbowdeMacBook-Pro.local","pid":11747,"level":20,"msg":"Generator: \u001b[35mcategory\u001b[39m","time":"2016-08-19T09:19:07.953Z","v":0}
{"name":"hexo","hostname":"RainbowdeMacBook-Pro.local","pid":11747,"level":20,"msg":"Generator: \u001b[35mindex\u001b[39m","time":"2016-08-19T09:19:07.953Z","v":0}
{"name":"hexo","hostname":"RainbowdeMacBook-Pro.local","pid":11747,"level":20,"msg":"Generator: \u001b[35mtag\u001b[39m","time":"2016-08-19T09:19:07.953Z","v":0}
{"name":"hexo","hostname":"RainbowdeMacBook-Pro.local","pid":11747,"level":20,"msg":"Generator: \u001b[35masset\u001b[39m","time":"2016-08-19T09:19:07.955Z","v":0}
{"name":"hexo","hostname":"RainbowdeMacBook-Pro.local","pid":11747,"level":20,"msg":"Rendering index: \u001b[35mindex.html\u001b[39m","time":"2016-08-19T09:19:10.029Z","v":0}
{"name":"hexo","hostname":"RainbowdeMacBook-Pro.local","pid":11747,"level":30,"msg":"Bye!","time":"2016-08-19T09:20:25.546Z","v":0}
{"name":"hexo","hostname":"RainbowdeMacBook-Pro.local","pid":11747,"level":20,"msg":"Database saved","time":"2016-08-19T09:20:25.555Z","v":0}
